This is pdfTeX, Version 3.14159265-2.6-1.40.20 (TeX Live 2019) (preloaded format=pdflatex 2020.3.9)  28 MAY 2020 10:40
entering extended mode
 restricted \write18 enabled.
 %&-line parsing enabled.
**Country-top-100.tex
(./Country-top-100.tex
LaTeX2e <2020-02-02> patch level 5
L3 programming layer <2020-02-25> (/usr/local/texlive/2019/texmf-dist/tex/latex
/base/article.cls
Document Class: article 2019/12/20 v1.4l Standard LaTeX document class
(/usr/local/texlive/2019/texmf-dist/tex/latex/base/size10.clo
File: size10.clo 2019/12/20 v1.4l Standard LaTeX file (size option)
)
\c@part=\count167
\c@section=\count168
\c@subsection=\count169
\c@subsubsection=\count170
\c@paragraph=\count171
\c@subparagraph=\count172
\c@figure=\count173
\c@table=\count174
\abovecaptionskip=\skip47
\belowcaptionskip=\skip48
\bibindent=\dimen134
) (/usr/local/texlive/2019/texmf-dist/tex/latex/lm/lmodern.sty
Package: lmodern 2009/10/30 v1.6 Latin Modern Fonts
LaTeX Font Info:    Overwriting symbol font `operators' in version `normal'
(Font)                  OT1/cmr/m/n --> OT1/lmr/m/n on input line 22.
LaTeX Font Info:    Overwriting symbol font `letters' in version `normal'
(Font)                  OML/cmm/m/it --> OML/lmm/m/it on input line 23.
LaTeX Font Info:    Overwriting symbol font `symbols' in version `normal'
(Font)                  OMS/cmsy/m/n --> OMS/lmsy/m/n on input line 24.
LaTeX Font Info:    Overwriting symbol font `largesymbols' in version `normal'
(Font)                  OMX/cmex/m/n --> OMX/lmex/m/n on input line 25.
LaTeX Font Info:    Overwriting symbol font `operators' in version `bold'
(Font)                  OT1/cmr/bx/n --> OT1/lmr/bx/n on input line 26.
LaTeX Font Info:    Overwriting symbol font `letters' in version `bold'
(Font)                  OML/cmm/b/it --> OML/lmm/b/it on input line 27.
LaTeX Font Info:    Overwriting symbol font `symbols' in version `bold'
(Font)                  OMS/cmsy/b/n --> OMS/lmsy/b/n on input line 28.
LaTeX Font Info:    Overwriting symbol font `largesymbols' in version `bold'
(Font)                  OMX/cmex/m/n --> OMX/lmex/m/n on input line 29.
LaTeX Font Info:    Overwriting math alphabet `\mathbf' in version `normal'
(Font)                  OT1/cmr/bx/n --> OT1/lmr/bx/n on input line 31.
LaTeX Font Info:    Overwriting math alphabet `\mathsf' in version `normal'
(Font)                  OT1/cmss/m/n --> OT1/lmss/m/n on input line 32.
LaTeX Font Info:    Overwriting math alphabet `\mathit' in version `normal'
(Font)                  OT1/cmr/m/it --> OT1/lmr/m/it on input line 33.
LaTeX Font Info:    Overwriting math alphabet `\mathtt' in version `normal'
(Font)                  OT1/cmtt/m/n --> OT1/lmtt/m/n on input line 34.
LaTeX Font Info:    Overwriting math alphabet `\mathbf' in version `bold'
(Font)                  OT1/cmr/bx/n --> OT1/lmr/bx/n on input line 35.
LaTeX Font Info:    Overwriting math alphabet `\mathsf' in version `bold'
(Font)                  OT1/cmss/bx/n --> OT1/lmss/bx/n on input line 36.
LaTeX Font Info:    Overwriting math alphabet `\mathit' in version `bold'
(Font)                  OT1/cmr/bx/it --> OT1/lmr/bx/it on input line 37.
LaTeX Font Info:    Overwriting math alphabet `\mathtt' in version `bold'
(Font)                  OT1/cmtt/m/n --> OT1/lmtt/m/n on input line 38.
) (/usr/local/texlive/2019/texmf-dist/tex/latex/amsfonts/amssymb.sty
Package: amssymb 2013/01/14 v3.01 AMS font symbols
(/usr/local/texlive/2019/texmf-dist/tex/latex/amsfonts/amsfonts.sty
Package: amsfonts 2013/01/14 v3.01 Basic AMSFonts support
\@emptytoks=\toks15
\symAMSa=\mathgroup4
\symAMSb=\mathgroup5
LaTeX Font Info:    Redeclaring math symbol \hbar on input line 98.
LaTeX Font Info:    Overwriting math alphabet `\mathfrak' in version `bold'
(Font)                  U/euf/m/n --> U/euf/b/n on input line 106.
)) (/usr/local/texlive/2019/texmf-dist/tex/latex/amsmath/amsmath.sty
Package: amsmath 2020/01/20 v2.17e AMS math features
\@mathmargin=\skip49
For additional information on amsmath, use the `?' option.
(/usr/local/texlive/2019/texmf-dist/tex/latex/amsmath/amstext.sty
Package: amstext 2000/06/29 v2.01 AMS text
(/usr/local/texlive/2019/texmf-dist/tex/latex/amsmath/amsgen.sty
File: amsgen.sty 1999/11/30 v2.0 generic functions
\@emptytoks=\toks16
\ex@=\dimen135
)) (/usr/local/texlive/2019/texmf-dist/tex/latex/amsmath/amsbsy.sty
Package: amsbsy 1999/11/29 v1.2d Bold Symbols
\pmbraise@=\dimen136
) (/usr/local/texlive/2019/texmf-dist/tex/latex/amsmath/amsopn.sty
Package: amsopn 2016/03/08 v2.02 operator names
)
\inf@bad=\count175
LaTeX Info: Redefining \frac on input line 227.
\uproot@=\count176
\leftroot@=\count177
LaTeX Info: Redefining \overline on input line 389.
\classnum@=\count178
\DOTSCASE@=\count179
LaTeX Info: Redefining \ldots on input line 486.
LaTeX Info: Redefining \dots on input line 489.
LaTeX Info: Redefining \cdots on input line 610.
\Mathstrutbox@=\box45
\strutbox@=\box46
\big@size=\dimen137
LaTeX Font Info:    Redeclaring font encoding OML on input line 733.
LaTeX Font Info:    Redeclaring font encoding OMS on input line 734.
\macc@depth=\count180
\c@MaxMatrixCols=\count181
\dotsspace@=\muskip16
\c@parentequation=\count182
\dspbrk@lvl=\count183
\tag@help=\toks17
\row@=\count184
\column@=\count185
\maxfields@=\count186
\andhelp@=\toks18
\eqnshift@=\dimen138
\alignsep@=\dimen139
\tagshift@=\dimen140
\tagwidth@=\dimen141
\totwidth@=\dimen142
\lineht@=\dimen143
\@envbody=\toks19
\multlinegap=\skip50
\multlinetaggap=\skip51
\mathdisplay@stack=\toks20
LaTeX Info: Redefining \[ on input line 2859.
LaTeX Info: Redefining \] on input line 2860.
) (/usr/local/texlive/2019/texmf-dist/tex/generic/iftex/ifxetex.sty
Package: ifxetex 2019/10/25 v0.7 ifxetex legacy package. Use iftex instead.
(/usr/local/texlive/2019/texmf-dist/tex/generic/iftex/iftex.sty
Package: iftex 2019/11/07 v1.0c TeX engine tests
)) (/usr/local/texlive/2019/texmf-dist/tex/generic/iftex/ifluatex.sty
Package: ifluatex 2019/10/25 v1.5 ifluatex legacy package. Use iftex instead.
) (/usr/local/texlive/2019/texmf-dist/tex/latex/base/fixltx2e.sty
Package: fixltx2e 2016/12/29 v2.1a fixes to LaTeX (obsolete)
Applying: [2015/01/01] Old fixltx2e package on input line 46.

Package fixltx2e Warning: fixltx2e is not required with releases after 2015
(fixltx2e)                All fixes are now in the LaTeX kernel.
(fixltx2e)                See the latexrelease package for details.

Already applied: [0000/00/00] Old fixltx2e package on input line 53.
) (/usr/local/texlive/2019/texmf-dist/tex/latex/base/fontenc.sty
Package: fontenc 2020/02/11 v2.0o Standard LaTeX package
LaTeX Font Info:    Trying to load font information for T1+lmr on input line 11
2.
(/usr/local/texlive/2019/texmf-dist/tex/latex/lm/t1lmr.fd
File: t1lmr.fd 2009/10/30 v1.6 Font defs for Latin Modern
)) (/usr/local/texlive/2019/texmf-dist/tex/latex/base/inputenc.sty
Package: inputenc 2018/08/11 v1.3c Input encoding file
\inpenc@prehook=\toks21
\inpenc@posthook=\toks22
) (/usr/local/texlive/2019/texmf-dist/tex/latex/base/textcomp.sty
Package: textcomp 2020/02/02 v2.0n Standard LaTeX package
) (/usr/local/texlive/2019/texmf-dist/tex/latex/upquote/upquote.sty
Package: upquote 2012/04/19 v1.3 upright-quote and grave-accent glyphs in verba
tim
) (/usr/local/texlive/2019/texmf-dist/tex/latex/microtype/microtype.sty
Package: microtype 2019/11/18 v2.7d Micro-typographical refinements (RS)
(/usr/local/texlive/2019/texmf-dist/tex/latex/graphics/keyval.sty
Package: keyval 2014/10/28 v1.15 key=value parser (DPC)
\KV@toks@=\toks23
)
\MT@toks=\toks24
\MT@count=\count187
LaTeX Info: Redefining \textls on input line 790.
\MT@outer@kern=\dimen144
LaTeX Info: Redefining \textmicrotypecontext on input line 1354.
\MT@listname@count=\count188
(/usr/local/texlive/2019/texmf-dist/tex/latex/microtype/microtype-pdftex.def
File: microtype-pdftex.def 2019/11/18 v2.7d Definitions specific to pdftex (RS)

LaTeX Info: Redefining \lsstyle on input line 914.
LaTeX Info: Redefining \lslig on input line 914.
\MT@outer@space=\skip52
)
Package microtype Info: Loading configuration file microtype.cfg.
(/usr/local/texlive/2019/texmf-dist/tex/latex/microtype/microtype.cfg
File: microtype.cfg 2019/11/18 v2.7d microtype main configuration file (RS)
)) (/usr/local/texlive/2019/texmf-dist/tex/latex/parskip/parskip.sty
Package: parskip 2020-01-22 v2.0d non-zero parskip adjustments
(/usr/local/texlive/2019/texmf-dist/tex/latex/kvoptions/kvoptions.sty
Package: kvoptions 2019/11/29 v3.13 Key value format for package options (HO)
(/usr/local/texlive/2019/texmf-dist/tex/generic/ltxcmds/ltxcmds.sty
Package: ltxcmds 2019/12/15 v1.24 LaTeX kernel commands for general use (HO)
) (/usr/local/texlive/2019/texmf-dist/tex/generic/kvsetkeys/kvsetkeys.sty
Package: kvsetkeys 2019/12/15 v1.18 Key value parser (HO)
)) (/usr/local/texlive/2019/texmf-dist/tex/latex/etoolbox/etoolbox.sty
Package: etoolbox 2019/09/21 v2.5h e-TeX tools for LaTeX (JAW)
\etb@tempcnta=\count189
)) (/usr/local/texlive/2019/texmf-dist/tex/latex/hyperref/hyperref.sty
Package: hyperref 2020/01/14 v7.00d Hypertext links for LaTeX
(/usr/local/texlive/2019/texmf-dist/tex/latex/pdftexcmds/pdftexcmds.sty
Package: pdftexcmds 2019/11/24 v0.31 Utility functions of pdfTeX for LuaTeX (HO
)
(/usr/local/texlive/2019/texmf-dist/tex/generic/infwarerr/infwarerr.sty
Package: infwarerr 2019/12/03 v1.5 Providing info/warning/error messages (HO)
)
Package pdftexcmds Info: \pdf@primitive is available.
Package pdftexcmds Info: \pdf@ifprimitive is available.
Package pdftexcmds Info: \pdfdraftmode found.
) (/usr/local/texlive/2019/texmf-dist/tex/generic/kvdefinekeys/kvdefinekeys.sty
Package: kvdefinekeys 2019-12-19 v1.6 Define keys (HO)
) (/usr/local/texlive/2019/texmf-dist/tex/generic/pdfescape/pdfescape.sty
Package: pdfescape 2019/12/09 v1.15 Implements pdfTeX's escape features (HO)
) (/usr/local/texlive/2019/texmf-dist/tex/latex/hycolor/hycolor.sty
Package: hycolor 2020-01-27 v1.10 Color options for hyperref/bookmark (HO)
) (/usr/local/texlive/2019/texmf-dist/tex/latex/letltxmacro/letltxmacro.sty
Package: letltxmacro 2019/12/03 v1.6 Let assignment for LaTeX macros (HO)
) (/usr/local/texlive/2019/texmf-dist/tex/latex/auxhook/auxhook.sty
Package: auxhook 2019-12-17 v1.6 Hooks for auxiliary files (HO)
)
\@linkdim=\dimen145
\Hy@linkcounter=\count190
\Hy@pagecounter=\count191
(/usr/local/texlive/2019/texmf-dist/tex/latex/hyperref/pd1enc.def
File: pd1enc.def 2020/01/14 v7.00d Hyperref: PDFDocEncoding definition (HO)
Now handling font encoding PD1 ...
... no UTF-8 mapping file for font encoding PD1
) (/usr/local/texlive/2019/texmf-dist/tex/generic/intcalc/intcalc.sty
Package: intcalc 2019/12/15 v1.3 Expandable calculations with integers (HO)
) (/usr/local/texlive/2019/texmf-dist/tex/generic/etexcmds/etexcmds.sty
Package: etexcmds 2019/12/15 v1.7 Avoid name clashes with e-TeX commands (HO)
)
\Hy@SavedSpaceFactor=\count192
\pdfmajorversion=\count193
Package hyperref Info: Option `unicode' set `true' on input line 4421.
(/usr/local/texlive/2019/texmf-dist/tex/latex/hyperref/puenc.def
File: puenc.def 2020/01/14 v7.00d Hyperref: PDF Unicode definition (HO)
Now handling font encoding PU ...
... no UTF-8 mapping file for font encoding PU
)
Package hyperref Info: Hyper figures OFF on input line 4547.
Package hyperref Info: Link nesting OFF on input line 4552.
Package hyperref Info: Hyper index ON on input line 4555.
Package hyperref Info: Plain pages OFF on input line 4562.
Package hyperref Info: Backreferencing OFF on input line 4567.
Package hyperref Info: Implicit mode ON; LaTeX internals redefined.
Package hyperref Info: Bookmarks ON on input line 4800.
\c@Hy@tempcnt=\count194
(/usr/local/texlive/2019/texmf-dist/tex/latex/url/url.sty
\Urlmuskip=\muskip17
Package: url 2013/09/16  ver 3.4  Verb mode for urls, etc.
)
LaTeX Info: Redefining \url on input line 5159.
\XeTeXLinkMargin=\dimen146
(/usr/local/texlive/2019/texmf-dist/tex/generic/bitset/bitset.sty
Package: bitset 2019/12/09 v1.3 Handle bit-vector datatype (HO)
(/usr/local/texlive/2019/texmf-dist/tex/generic/bigintcalc/bigintcalc.sty
Package: bigintcalc 2019/12/15 v1.5 Expandable calculations on big integers (HO
)
))
\Fld@menulength=\count195
\Field@Width=\dimen147
\Fld@charsize=\dimen148
Package hyperref Info: Hyper figures OFF on input line 6430.
Package hyperref Info: Link nesting OFF on input line 6435.
Package hyperref Info: Hyper index ON on input line 6438.
Package hyperref Info: backreferencing OFF on input line 6445.
Package hyperref Info: Link coloring OFF on input line 6450.
Package hyperref Info: Link coloring with OCG OFF on input line 6455.
Package hyperref Info: PDF/A mode OFF on input line 6460.
LaTeX Info: Redefining \ref on input line 6500.
LaTeX Info: Redefining \pageref on input line 6504.
(/usr/local/texlive/2019/texmf-dist/tex/generic/atbegshi/atbegshi.sty
Package: atbegshi 2019/12/05 v1.19 At begin shipout hook (HO)
)
\Hy@abspage=\count196
\c@Item=\count197
\c@Hfootnote=\count198
)
Package hyperref Info: Driver (autodetected): hpdftex.
(/usr/local/texlive/2019/texmf-dist/tex/latex/hyperref/hpdftex.def
File: hpdftex.def 2020/01/14 v7.00d Hyperref driver for pdfTeX
(/usr/local/texlive/2019/texmf-dist/tex/latex/atveryend/atveryend.sty
Package: atveryend 2019-12-11 v1.11 Hooks at the very end of document (HO)
)
\Fld@listcount=\count199
\c@bookmark@seq@number=\count266

(/usr/local/texlive/2019/texmf-dist/tex/latex/rerunfilecheck/rerunfilecheck.sty
Package: rerunfilecheck 2019/12/05 v1.9 Rerun checks for auxiliary files (HO)

(/usr/local/texlive/2019/texmf-dist/tex/generic/uniquecounter/uniquecounter.sty
Package: uniquecounter 2019/12/15 v1.4 Provide unlimited unique counter (HO)
)
Package uniquecounter Info: New unique counter `rerunfilecheck' on input line 2
86.
)
\Hy@SectionHShift=\skip53
)
Package hyperref Info: Option `breaklinks' set `true' on input line 34.
(/usr/local/texlive/2019/texmf-dist/tex/latex/geometry/geometry.sty
Package: geometry 2020/01/02 v5.9 Page Geometry
(/usr/local/texlive/2019/texmf-dist/tex/generic/iftex/ifvtex.sty
Package: ifvtex 2019/10/25 v1.7 ifvtex legacy package. Use iftex instead.
)
\Gm@cnth=\count267
\Gm@cntv=\count268
\c@Gm@tempcnt=\count269
\Gm@bindingoffset=\dimen149
\Gm@wd@mp=\dimen150
\Gm@odd@mp=\dimen151
\Gm@even@mp=\dimen152
\Gm@layoutwidth=\dimen153
\Gm@layoutheight=\dimen154
\Gm@layouthoffset=\dimen155
\Gm@layoutvoffset=\dimen156
\Gm@dimlist=\toks25
) (/usr/local/texlive/2019/texmf-dist/tex/latex/graphics/color.sty
Package: color 2019/11/23 v1.2a Standard LaTeX Color (DPC)
(/usr/local/texlive/2019/texmf-dist/tex/latex/graphics-cfg/color.cfg
File: color.cfg 2016/01/02 v1.6 sample color configuration
)
Package color Info: Driver file: pdftex.def on input line 147.
(/usr/local/texlive/2019/texmf-dist/tex/latex/graphics-def/pdftex.def
File: pdftex.def 2018/01/08 v1.0l Graphics/color driver for pdftex
)) (/usr/local/texlive/2019/texmf-dist/tex/latex/fancyvrb/fancyvrb.sty
Package: fancyvrb 2020/01/13 v3.5 verbatim text (tvz,hv)
\FV@CodeLineNo=\count270
\FV@InFile=\read2
\FV@TabBox=\box47
\c@FancyVerbLine=\count271
\FV@StepNumber=\count272
\FV@OutFile=\write3
) (/usr/local/texlive/2019/texmf-dist/tex/latex/framed/framed.sty
Package: framed 2011/10/22 v 0.96: framed or shaded text with page breaks
\OuterFrameSep=\skip54
\fb@frw=\dimen157
\fb@frh=\dimen158
\FrameRule=\dimen159
\FrameSep=\dimen160
) (/usr/local/texlive/2019/texmf-dist/tex/latex/graphics/graphicx.sty
Package: graphicx 2019/11/30 v1.2a Enhanced LaTeX Graphics (DPC,SPQR)
(/usr/local/texlive/2019/texmf-dist/tex/latex/graphics/graphics.sty
Package: graphics 2019/11/30 v1.4a Standard LaTeX Graphics (DPC,SPQR)
(/usr/local/texlive/2019/texmf-dist/tex/latex/graphics/trig.sty
Package: trig 2016/01/03 v1.10 sin cos tan (DPC)
) (/usr/local/texlive/2019/texmf-dist/tex/latex/graphics-cfg/graphics.cfg
File: graphics.cfg 2016/06/04 v1.11 sample graphics configuration
)
Package graphics Info: Driver file: pdftex.def on input line 105.
)
\Gin@req@height=\dimen161
\Gin@req@width=\dimen162
) (/usr/local/texlive/2019/texmf-dist/tex/latex/grffile/grffile.sty
Package: grffile 2019/11/11 v2.1 Extended file name support for graphics (legac
y)
Package grffile Info: This package is an empty stub for compatibility on input 
line 40.
) (/usr/local/texlive/2019/texmf-dist/tex/latex/l3backend/l3backend-pdfmode.def
File: l3backend-pdfmode.def 2020-02-23 L3 backend support: PDF mode
\l__kernel_color_stack_int=\count273
\l__pdf_internal_box=\box48
)
No file Country-top-100.aux.
\openout1 = `Country-top-100.aux'.

LaTeX Font Info:    Checking defaults for OML/cmm/m/it on input line 110.
LaTeX Font Info:    ... okay on input line 110.
LaTeX Font Info:    Checking defaults for OMS/cmsy/m/n on input line 110.
LaTeX Font Info:    ... okay on input line 110.
LaTeX Font Info:    Checking defaults for OT1/cmr/m/n on input line 110.
LaTeX Font Info:    ... okay on input line 110.
LaTeX Font Info:    Checking defaults for T1/cmr/m/n on input line 110.
LaTeX Font Info:    ... okay on input line 110.
LaTeX Font Info:    Checking defaults for TS1/cmr/m/n on input line 110.
LaTeX Font Info:    ... okay on input line 110.
LaTeX Font Info:    Checking defaults for OMX/cmex/m/n on input line 110.
LaTeX Font Info:    ... okay on input line 110.
LaTeX Font Info:    Checking defaults for U/cmr/m/n on input line 110.
LaTeX Font Info:    ... okay on input line 110.
LaTeX Font Info:    Checking defaults for PD1/pdf/m/n on input line 110.
LaTeX Font Info:    ... okay on input line 110.
LaTeX Font Info:    Checking defaults for PU/pdf/m/n on input line 110.
LaTeX Font Info:    ... okay on input line 110.
LaTeX Info: Redefining \microtypecontext on input line 110.
Package microtype Info: Generating PDF output.
Package microtype Info: Character protrusion enabled (level 2).
Package microtype Info: Using protrusion set `basicmath'.
Package microtype Info: Automatic font expansion enabled (level 2),
(microtype)             stretch: 20, shrink: 20, step: 1, non-selected.
Package microtype Info: Using default expansion set `basictext'.
LaTeX Info: Redefining \showhyphens on input line 110.
Package microtype Info: No adjustment of tracking.
Package microtype Info: No adjustment of interword spacing.
Package microtype Info: No adjustment of character kerning.
(/usr/local/texlive/2019/texmf-dist/tex/latex/microtype/mt-cmr.cfg
File: mt-cmr.cfg 2013/05/19 v2.2 microtype config. file: Computer Modern Roman 
(RS)
)
\AtBeginShipoutBox=\box49
Package hyperref Info: Link coloring OFF on input line 110.
(/usr/local/texlive/2019/texmf-dist/tex/latex/hyperref/nameref.sty
Package: nameref 2019/09/16 v2.46 Cross-referencing by name of section
(/usr/local/texlive/2019/texmf-dist/tex/latex/refcount/refcount.sty
Package: refcount 2019/12/15 v3.6 Data extraction from label references (HO)
)
(/usr/local/texlive/2019/texmf-dist/tex/generic/gettitlestring/gettitlestring.s
ty
Package: gettitlestring 2019/12/15 v1.6 Cleanup title references (HO)
)
\c@section@level=\count274
)
LaTeX Info: Redefining \ref on input line 110.
LaTeX Info: Redefining \pageref on input line 110.
LaTeX Info: Redefining \nameref on input line 110.
\@outlinefile=\write4
\openout4 = `Country-top-100.out'.

*geometry* driver: auto-detecting
*geometry* detected driver: pdftex
*geometry* verbose mode - [ preamble ] result:
* driver: pdftex
* paper: <default>
* layout: <same size as paper>
* layoutoffset:(h,v)=(0.0pt,0.0pt)
* modes: 
* h-part:(L,W,R)=(72.26999pt, 469.75502pt, 72.26999pt)
* v-part:(T,H,B)=(72.26999pt, 650.43001pt, 72.26999pt)
* \paperwidth=614.295pt
* \paperheight=794.96999pt
* \textwidth=469.75502pt
* \textheight=650.43001pt
* \oddsidemargin=0.0pt
* \evensidemargin=0.0pt
* \topmargin=-37.0pt
* \headheight=12.0pt
* \headsep=25.0pt
* \topskip=10.0pt
* \footskip=30.0pt
* \marginparwidth=65.0pt
* \marginparsep=11.0pt
* \columnsep=10.0pt
* \skip\footins=9.0pt plus 4.0pt minus 2.0pt
* \hoffset=0.0pt
* \voffset=0.0pt
* \mag=1000
* \@twocolumnfalse
* \@twosidefalse
* \@mparswitchfalse
* \@reversemarginfalse
* (1in=72.27pt=25.4mm, 1cm=28.453pt)

(/usr/local/texlive/2019/texmf-dist/tex/context/base/mkii/supp-pdf.mkii
[Loading MPS to PDF converter (version 2006.09.02).]
\scratchcounter=\count275
\scratchdimen=\dimen163
\scratchbox=\box50
\nofMPsegments=\count276
\nofMParguments=\count277
\everyMPshowfont=\toks26
\MPscratchCnt=\count278
\MPscratchDim=\dimen164
\MPnumerator=\count279
\makeMPintoPDFobject=\count280
\everyMPtoPDFconversion=\toks27
) (/usr/local/texlive/2019/texmf-dist/tex/latex/epstopdf-pkg/epstopdf-base.sty
Package: epstopdf-base 2020-01-24 v2.11 Base part for package epstopdf
Package epstopdf-base Info: Redefining graphics rule for `.eps' on input line 4
85.
(/usr/local/texlive/2019/texmf-dist/tex/latex/latexconfig/epstopdf-sys.cfg
File: epstopdf-sys.cfg 2010/07/13 v1.3 Configuration of (r)epstopdf for TeX Liv
e
))
LaTeX Font Info:    Trying to load font information for OT1+lmr on input line 1
12.
(/usr/local/texlive/2019/texmf-dist/tex/latex/lm/ot1lmr.fd
File: ot1lmr.fd 2009/10/30 v1.6 Font defs for Latin Modern
)
LaTeX Font Info:    Trying to load font information for OML+lmm on input line 1
12.
(/usr/local/texlive/2019/texmf-dist/tex/latex/lm/omllmm.fd
File: omllmm.fd 2009/10/30 v1.6 Font defs for Latin Modern
)
LaTeX Font Info:    Trying to load font information for OMS+lmsy on input line 
112.
(/usr/local/texlive/2019/texmf-dist/tex/latex/lm/omslmsy.fd
File: omslmsy.fd 2009/10/30 v1.6 Font defs for Latin Modern
)
LaTeX Font Info:    Trying to load font information for OMX+lmex on input line 
112.
(/usr/local/texlive/2019/texmf-dist/tex/latex/lm/omxlmex.fd
File: omxlmex.fd 2009/10/30 v1.6 Font defs for Latin Modern
)
LaTeX Font Info:    External font `lmex10' loaded for size
(Font)              <12> on input line 112.
LaTeX Font Info:    External font `lmex10' loaded for size
(Font)              <8> on input line 112.
LaTeX Font Info:    External font `lmex10' loaded for size
(Font)              <6> on input line 112.
LaTeX Font Info:    Trying to load font information for U+msa on input line 112
.
(/usr/local/texlive/2019/texmf-dist/tex/latex/amsfonts/umsa.fd
File: umsa.fd 2013/01/14 v3.01 AMS symbols A
) (/usr/local/texlive/2019/texmf-dist/tex/latex/microtype/mt-msa.cfg
File: mt-msa.cfg 2006/02/04 v1.1 microtype config. file: AMS symbols (a) (RS)
)
LaTeX Font Info:    Trying to load font information for U+msb on input line 112
.
(/usr/local/texlive/2019/texmf-dist/tex/latex/amsfonts/umsb.fd
File: umsb.fd 2013/01/14 v3.01 AMS symbols B
) (/usr/local/texlive/2019/texmf-dist/tex/latex/microtype/mt-msb.cfg
File: mt-msb.cfg 2005/06/01 v1.0 microtype config. file: AMS symbols (b) (RS)
) [1

{/usr/local/texlive/2019/texmf-var/fonts/map/pdftex/updmap/pdftex.map}]
LaTeX Font Info:    Trying to load font information for T1+lmtt on input line 2
05.
(/usr/local/texlive/2019/texmf-dist/tex/latex/lm/t1lmtt.fd
File: t1lmtt.fd 2009/10/30 v1.6 Font defs for Latin Modern
)
LaTeX Font Info:    Font shape `T1/lmtt/bx/n' in size <10> not available
(Font)              Font shape `T1/lmtt/b/n' tried instead on input line 206.
LaTeX Font Info:    Trying to load font information for TS1+lmtt on input line 
221.
(/usr/local/texlive/2019/texmf-dist/tex/latex/lm/ts1lmtt.fd
File: ts1lmtt.fd 2009/10/30 v1.6 Font defs for Latin Modern
) [2]
Overfull \hbox (275.74281pt too wide) in paragraph at lines 296--296
[]\T1/lmtt/m/n/10 ##  $ FileName: chr  "shelton-stefani-nobody-but-you.txt" "la
mbert-bluebird.txt" "mccollum-pretty-heart.txt" "stell-everywhere-but-on.txt" .
..[] 
 []


Overfull \hbox (2365.23674pt too wide) in paragraph at lines 296--296
[]\T1/lmtt/m/n/10 ##  $ Content : chr  "And wonder who you\TS1/lmtt/m/n/10 '\T1
/lmtt/m/n/10 re married to\n\nWanna say it now, wanna make it clear\nFor only y
ou and God to hear\nWhen y"| __truncated__ "34 was bad, so I just turn to 35\nY
eah, I\TS1/lmtt/m/n/10 '\T1/lmtt/m/n/10 m a keeper\nI keep digging down for the
 deep\nLike the records I\TS1/lmtt/m/n/10 '\T1/lmtt/m/n/10 m pl"| __truncated__
 "And you loved me the best you could\nI\TS1/lmtt/m/n/10 '\T1/lmtt/m/n/10 m the
 one who dropped the ball\nGot you high and let you fall\nLet the b"| __truncat
ed__ "Put some days, put some miles in the rearview\nA few state lines \TS1/lmt
t/m/n/10 '\T1/lmtt/m/n/10 tween me and you\nJust a little space and tim"| __tru
ncated__ ...[] 
 []


Overfull \hbox (8050.97021pt too wide) in paragraph at lines 335--335
[]\T1/lmtt/m/n/10 ## [1] "And wonder who you\TS1/lmtt/m/n/10 '\T1/lmtt/m/n/10 r
e married to\n\nWanna say it now, wanna make it clear\nFor only you and God to 
hear\nWhen you love someone, they say you set \TS1/lmtt/m/n/10 '\T1/lmtt/m/n/10
 em free\nBut that ain\TS1/lmtt/m/n/10 '\T1/lmtt/m/n/10 t gonna work for me\n\n
I don\TS1/lmtt/m/n/10 '\T1/lmtt/m/n/10 t wanna live without you\nI don\TS1/lmtt
/m/n/10 '\T1/lmtt/m/n/10 t wanna even breathe\nI don\TS1/lmtt/m/n/10 '\T1/lmtt/
m/n/10 t wanna dream about you\nWanna wake up with you next to me\nI don\TS1/lm
tt/m/n/10 '\T1/lmtt/m/n/10 t wanna go down any other road now\nI don\TS1/lmtt/m
/n/10 '\T1/lmtt/m/n/10 t wanna love nobody but you\nLooking in your eyes now, i
f I had to die now\nI don\TS1/lmtt/m/n/10 '\T1/lmtt/m/n/10 t wanna love nobody 
but you (You)\n\nAll the wasted days, all the wasted nights\nI blame it all on 
being young\nGot no regrets, \TS1/lmtt/m/n/10 '\T1/lmtt/m/n/10 cause they got m
e here\nBut I don\TS1/lmtt/m/n/10 '\T1/lmtt/m/n/10 t wanna waste another one\n\
nI been thinkin\TS1/lmtt/m/n/10 ' \T1/lmtt/m/n/10 about what I want in my life\
nIt begins and ends the same\nIf I had to choose what I couldn\TS1/lmtt/m/n/10 
'\T1/lmtt/m/n/10 t lose\nThere\TS1/lmtt/m/n/10 '\T1/lmtt/m/n/10 d only be one t
hing\n\nI don\TS1/lmtt/m/n/10 '\T1/lmtt/m/n/10 t wanna live without you\nI don\
TS1/lmtt/m/n/10 '\T1/lmtt/m/n/10 t wanna even breathe\nI don\TS1/lmtt/m/n/10 '\
T1/lmtt/m/n/10 t wanna dream about you\nWanna wake up with you next to me\nI do
n\TS1/lmtt/m/n/10 '\T1/lmtt/m/n/10 t wanna go down any other road now\nI don\TS
1/lmtt/m/n/10 '\T1/lmtt/m/n/10 t wanna love nobody but you\nLooking in your eye
s now, if I had to die now\nI don\TS1/lmtt/m/n/10 '\T1/lmtt/m/n/10 t wanna love
 nobody but you (You)\nI don\TS1/lmtt/m/n/10 '\T1/lmtt/m/n/10 t wanna love nobo
dy but you (You)\n\nI wanna say it now, wanna make it clear\nFor only you and G
od to hear\n\nI don\TS1/lmtt/m/n/10 '\T1/lmtt/m/n/10 t wanna live without you (
I don\TS1/lmtt/m/n/10 '\T1/lmtt/m/n/10 t wanna live)\nI don\TS1/lmtt/m/n/10 '\T
1/lmtt/m/n/10 t wanna even breathe\nI don\TS1/lmtt/m/n/10 '\T1/lmtt/m/n/10 t wa
nna dream about you\nWanna wake up with you next to me (Next to me)\nI don\TS1/
lmtt/m/n/10 '\T1/lmtt/m/n/10 t wanna go down any other road now\nI don\TS1/lmtt
/m/n/10 '\T1/lmtt/m/n/10 t wanna love nobody but you (I don\TS1/lmtt/m/n/10 '\T
1/lmtt/m/n/10 t wanna love nobody)\nLookin\TS1/lmtt/m/n/10 ' \T1/lmtt/m/n/10 in
 your eyes now, if I had to die now\nI don\TS1/lmtt/m/n/10 '\T1/lmtt/m/n/10 t w
anna love nobody but you (You)\n\nI don\TS1/lmtt/m/n/10 '\T1/lmtt/m/n/10 t wann
a love nobody (You)\nI don\TS1/lmtt/m/n/10 '\T1/lmtt/m/n/10 t wanna love nobody
 but you\n"[] 
 []


Overfull \hbox (6885.4736pt too wide) in paragraph at lines 335--335
[]\T1/lmtt/m/n/10 ## [2] "34 was bad, so I just turn to 35\nYeah, I\TS1/lmtt/m/
n/10 '\T1/lmtt/m/n/10 m a keeper\nI keep digging down for the deep\nLike the re
cords I\TS1/lmtt/m/n/10 '\T1/lmtt/m/n/10 m playing\nThey might keep you waiting
\nBut you know I\TS1/lmtt/m/n/10 '\T1/lmtt/m/n/10 m only playing for keeps\n\nA
nd if the house just keeps on winning\nI got a wildcard up my sleeve\nAnd if lo
ve keeps giving me lemons\nI\TS1/lmtt/m/n/10 '\T1/lmtt/m/n/10 ll just mix \TS1/
lmtt/m/n/10 '\T1/lmtt/m/n/10 em in my drink\nAnd if the whole wide world stops 
singing\nAnd all the stars go dark\nI\TS1/lmtt/m/n/10 '\T1/lmtt/m/n/10 ll keep 
a light on in my soul\nKeep bluebird in my heart\n\nWell, I\TS1/lmtt/m/n/10 '\T
1/lmtt/m/n/10 m a giver\nYeah, and I\TS1/lmtt/m/n/10 '\T1/lmtt/m/n/10 m still g
iving \TS1/lmtt/m/n/10 '\T1/lmtt/m/n/10 em hell\nForgiving\TS1/lmtt/m/n/10 '\T1
/lmtt/m/n/10 s pretty hard\nSo I\TS1/lmtt/m/n/10 '\T1/lmtt/m/n/10 ve made an ar
t\nOut of forgettin\TS1/lmtt/m/n/10 ' '\T1/lmtt/m/n/10 em well\nYeah, I\TS1/lmt
t/m/n/10 '\T1/lmtt/m/n/10 m a rhymer\nI can turn 20 cents into a 10\nAnd if I g
et confused and I start to lose\nI\TS1/lmtt/m/n/10 '\T1/lmtt/m/n/10 ll rhyme a 
dime \TS1/lmtt/m/n/10 '\T1/lmtt/m/n/10 til it all makes sense\n\nAnd if the hou
se just keeps on winning\nI got a wildcard up my sleeve\nAnd if love keeps givi
ng me lemons\nI\TS1/lmtt/m/n/10 '\T1/lmtt/m/n/10 ll just mix \TS1/lmtt/m/n/10 '
\T1/lmtt/m/n/10 em in my drink\nAnd if the whole wide world stops singing\nAnd 
all the stars go dark\nI\TS1/lmtt/m/n/10 '\T1/lmtt/m/n/10 ll turn the light on 
in my soul\nAnd keep the bluebird in my heart\n\nAnd if the house just keeps on
 winning\nI got a wildcard up my sleeve\nAnd if love starts giving me lemons\nJ
ust mix \TS1/lmtt/m/n/10 '\T1/lmtt/m/n/10 em in my drink\nAnd if the whole wide
 world stops singing\nAnd all the stars go dark\nI\TS1/lmtt/m/n/10 '\T1/lmtt/m/
n/10 ll keep a light on in my soul\nKeep a bluebird in my heart\nI\TS1/lmtt/m/n
/10 '\T1/lmtt/m/n/10 ll keep a light on in my soul\nKeep a bluebird in my heart
\nKeep a bluebird in my heart\n\nAnd the bluebird sings\n"[] 
 []


Overfull \hbox (6155.72572pt too wide) in paragraph at lines 335--335
[]\T1/lmtt/m/n/10 ## [3] "And you loved me the best you could\nI\TS1/lmtt/m/n/1
0 '\T1/lmtt/m/n/10 m the one who dropped the ball\nGot you high and let you fal
l\nLet the best thing I ever had slip away\n\nAnd what does that say about me?\
nI could do you like I did\nThat I could break an angel\TS1/lmtt/m/n/10 '\T1/lm
tt/m/n/10 s wings\nWhat does that say about me\nThat I stood there like a fence
post\nAs you drove off in your car\nWhat does that say about me\nNow that I bro
ke\nYour pretty heart\nYour pretty heart\n\nI been drinking like a drunkard\nIn
 these Austin neon lights\nBurning smokes and wondering\nIf there\TS1/lmtt/m/n/
10 '\T1/lmtt/m/n/10 s anything I\TS1/lmtt/m/n/10 '\T1/lmtt/m/n/10 ve done right
\nWell I wish that I could go back\nHang on to what I had\nGuess that\TS1/lmtt/
m/n/10 '\T1/lmtt/m/n/10 s all, babe\nNothing but a dream\n\nWhat does that say 
about me?\nI could do you like I did\nThat I could break an angel\TS1/lmtt/m/n/
10 '\T1/lmtt/m/n/10 s wings\nWhat does that say about me?\nThat I stood there l
ike a fencepost\nAs you drove off in your car\nWhat does that say about me?\nNo
w that I broke\nYour pretty heart\nYour pretty heart\n\nWhat does that say abou
t me?\nI could do you like I did\nThat I could break an angel\TS1/lmtt/m/n/10 '
\T1/lmtt/m/n/10 s wings\nWhat does that say about me?\nThat I stood there like 
a fencepost\nAs you drove off in your car\nWhat does that say about me?\nNow th
at I broke\nYour pretty heart\nYour pretty heart\nYour pretty heart\nYour prett
y heart\n"[] 
 []


Overfull \hbox (7672.97131pt too wide) in paragraph at lines 335--335
[]\T1/lmtt/m/n/10 ## [4] "Put some days, put some miles in the rearview\nA few 
state lines \TS1/lmtt/m/n/10 '\T1/lmtt/m/n/10 tween me and you\nJust a little s
pace and time and I\TS1/lmtt/m/n/10 '\T1/lmtt/m/n/10 d be fine\n\nBut I\TS1/lmt
t/m/n/10 '\T1/lmtt/m/n/10 ve been from Savannah to Long Beach\nTrying to keep y
our memory out of reach\nBut there you were in the Delta nights\nThe Santa Fe s
un, the Colorado sky\nI could add another push pin to the map\nBut that don\TS1
/lmtt/m/n/10 '\T1/lmtt/m/n/10 t stop me from missing you and looking back\nGues
s there\TS1/lmtt/m/n/10 '\T1/lmtt/m/n/10 s just one place I haven\TS1/lmtt/m/n/
10 '\T1/lmtt/m/n/10 t gone\nI\TS1/lmtt/m/n/10 '\T1/lmtt/m/n/10 ve moved everywh
ere but on\n\nMy mail\TS1/lmtt/m/n/10 '\T1/lmtt/m/n/10 s still going to mama\TS
1/lmtt/m/n/10 '\T1/lmtt/m/n/10 s house\n\TS1/lmtt/m/n/10 '\T1/lmtt/m/n/10 Cause
 I\TS1/lmtt/m/n/10 '\T1/lmtt/m/n/10 m still long gone trying to figure out\nWho
 I am without you and why I still think about you\nJust biding my time making e
nds meet\nLoading trucks, pouring coffee, pouring concrete\nPlanning my next mo
ve for getting over you, yeah\n\nI\TS1/lmtt/m/n/10 '\T1/lmtt/m/n/10 ve been fro
m Savannah to Long Beach\nTrying to keep your memory out of reach\nBut there yo
u were in the Delta nights\nThe Santa Fe sun, the Colorado sky\nI could add ano
ther push pin to the map\nBut that don\TS1/lmtt/m/n/10 '\T1/lmtt/m/n/10 t stop 
me from missing you and looking back\nGuess there\TS1/lmtt/m/n/10 '\T1/lmtt/m/n
/10 s just one place I haven\TS1/lmtt/m/n/10 '\T1/lmtt/m/n/10 t gone\nI\TS1/lmt
t/m/n/10 '\T1/lmtt/m/n/10 ve moved everywhere but on\n\nIf I had it my way, thi
s ol\TS1/lmtt/m/n/10 ' \T1/lmtt/m/n/10 highway would have fixed me up somehow\n
Would have led me home by now\nI\TS1/lmtt/m/n/10 '\T1/lmtt/m/n/10 ve been from 
Savannah to Long Beach\nTrying to keep your memory out of reach\nBut there you 
were in the Delta nights\nThe Santa Fe sun, the Colorado sky\nI could add anoth
er push pin to the map\nBut that don\TS1/lmtt/m/n/10 '\T1/lmtt/m/n/10 t stop me
 from missing you and looking back\nGuess there\TS1/lmtt/m/n/10 '\T1/lmtt/m/n/1
0 s just one place I haven\TS1/lmtt/m/n/10 '\T1/lmtt/m/n/10 t gone\nI\TS1/lmtt/
m/n/10 '\T1/lmtt/m/n/10 ve moved everywhere but on\nI\TS1/lmtt/m/n/10 '\T1/lmtt
/m/n/10 ve moved everywhere but on\n"[] 
 []


Overfull \hbox (5887.9765pt too wide) in paragraph at lines 335--335
[]\T1/lmtt/m/n/10 ## [5] "And words by themselves can\TS1/lmtt/m/n/10 '\T1/lmtt
/m/n/10 t right all the wrongs\n\nIn a world that\TS1/lmtt/m/n/10 '\T1/lmtt/m/n
/10 s gone crazy\nYou don\TS1/lmtt/m/n/10 '\T1/lmtt/m/n/10 t know what\TS1/lmtt
/m/n/10 '\T1/lmtt/m/n/10 s true\nMost people don\TS1/lmtt/m/n/10 '\T1/lmtt/m/n/
10 t change\nBut some people do\n\nSome people quit drinking too much\nAnd some
 people quit lying\nSome people decide to grow up\nBut it\TS1/lmtt/m/n/10 '\T1/
lmtt/m/n/10 s never good timing\nMost wouldn\TS1/lmtt/m/n/10 '\T1/lmtt/m/n/10 t
 forgive\nWhat I put you through\nBut I\TS1/lmtt/m/n/10 '\T1/lmtt/m/n/10 m here
 tonight\nHoping some people do\n\nSome people say sorry to hear it\TS1/lmtt/m/
n/10 '\T1/lmtt/m/n/10 s okay\nBut I know it\TS1/lmtt/m/n/10 '\T1/lmtt/m/n/10 s 
not, so you don\TS1/lmtt/m/n/10 '\T1/lmtt/m/n/10 t have to say\nThat you unders
tand \TS1/lmtt/m/n/10 '\T1/lmtt/m/n/10 cause I know you don\TS1/lmtt/m/n/10 '\T
1/lmtt/m/n/10 t\nNeither do I, but that don\TS1/lmtt/m/n/10 '\T1/lmtt/m/n/10 t 
mean that I won\TS1/lmtt/m/n/10 '\T1/lmtt/m/n/10 t\n\nTry every day\nTo show yo
u the truth\nMost people don\TS1/lmtt/m/n/10 '\T1/lmtt/m/n/10 t change\nBut som
e people do\n\nSome people quit drinking too much\nAnd some people quit lying\n
Some people decide to grow up\nBut it\TS1/lmtt/m/n/10 '\T1/lmtt/m/n/10 s never 
good timing\nMost wouldn\TS1/lmtt/m/n/10 '\T1/lmtt/m/n/10 t forgive\nWhat I put
 you through\nBut I\TS1/lmtt/m/n/10 '\T1/lmtt/m/n/10 m here tonight\nHoping som
e people do\n\nSo whether you kiss me\nOr you close the door\nJust know that I\
TS1/lmtt/m/n/10 '\T1/lmtt/m/n/10 m better\nThan I was before\n\nSome people qui
t drinking too much\nAnd some people quit lying\nSome people decide to grow up\
nBut it\TS1/lmtt/m/n/10 '\T1/lmtt/m/n/10 s never good timing\nMost wouldn\TS1/l
mtt/m/n/10 '\T1/lmtt/m/n/10 t forgive\nWhat I put you through\nBut I\TS1/lmtt/m
/n/10 '\T1/lmtt/m/n/10 m here tonight\nHoping some people do\n\nI\TS1/lmtt/m/n/
10 '\T1/lmtt/m/n/10 m hoping some people do\n"[] 
 []


Overfull \hbox (8759.71815pt too wide) in paragraph at lines 335--335
[]\T1/lmtt/m/n/10 ## [6] "You and your girl had a fight\nAnd now she\TS1/lmtt/m
/n/10 '\T1/lmtt/m/n/10 s saying goodbye\nShe ran upstairs and packed her bags\n
\nIt could be raining\TS1/lmtt/m/n/10 ' \T1/lmtt/m/n/10 on your perfect vacatio
n\nYou could be stressed about your work situation\nAin\TS1/lmtt/m/n/10 '\T1/lm
tt/m/n/10 t gotta listen to me but all I\TS1/lmtt/m/n/10 '\T1/lmtt/m/n/10 m say
in\TS1/lmtt/m/n/10 '\T1/lmtt/m/n/10 \n\nAin\TS1/lmtt/m/n/10 '\T1/lmtt/m/n/10 t 
nothin\TS1/lmtt/m/n/10 ' \T1/lmtt/m/n/10 that a beer can\TS1/lmtt/m/n/10 '\T1/l
mtt/m/n/10 t fix\nAin\TS1/lmtt/m/n/10 '\T1/lmtt/m/n/10 t no pain it can\TS1/lmt
t/m/n/10 '\T1/lmtt/m/n/10 t wash away\nFrom the moment that it hits your lips\n
Makes those clouds look a little less grey\n\nOh you could be lonely, or heartb
roken\nOr hungover from the night before\nTurn that frown into a smile real qui
ck\nThere ain\TS1/lmtt/m/n/10 '\T1/lmtt/m/n/10 t nothin\TS1/lmtt/m/n/10 ' \T1/l
mtt/m/n/10 that a beer can\TS1/lmtt/m/n/10 '\T1/lmtt/m/n/10 t fix\n\nYou\TS1/lm
tt/m/n/10 '\T1/lmtt/m/n/10 re on a lake and you\TS1/lmtt/m/n/10 '\T1/lmtt/m/n/1
0 re fishin\TS1/lmtt/m/n/10 '\T1/lmtt/m/n/10 \nIt\TS1/lmtt/m/n/10 '\T1/lmtt/m/n
/10 s hot and all that you\TS1/lmtt/m/n/10 '\T1/lmtt/m/n/10 re gettin\TS1/lmtt/
m/n/10 '\T1/lmtt/m/n/10 \nIs a little nibble here and there\nYou\TS1/lmtt/m/n/1
0 '\T1/lmtt/m/n/10 re sittin\TS1/lmtt/m/n/10 ' \T1/lmtt/m/n/10 watchin\TS1/lmtt
/m/n/10 ' \T1/lmtt/m/n/10 your team\nLosin\TS1/lmtt/m/n/10 ' \T1/lmtt/m/n/10 th
at championship ring\nAnd you\TS1/lmtt/m/n/10 '\T1/lmtt/m/n/10 re feelin\TS1/lm
tt/m/n/10 ' \T1/lmtt/m/n/10 like life ain\TS1/lmtt/m/n/10 '\T1/lmtt/m/n/10 t fa
ir\n\nIt could be raining\TS1/lmtt/m/n/10 ' \T1/lmtt/m/n/10 on your perfect vac
ation\nYou could be stressed about your work situation\nAin\TS1/lmtt/m/n/10 '\T
1/lmtt/m/n/10 t nothin\TS1/lmtt/m/n/10 ' \T1/lmtt/m/n/10 that a beer can\TS1/lm
tt/m/n/10 '\T1/lmtt/m/n/10 t fix\nAin\TS1/lmtt/m/n/10 '\T1/lmtt/m/n/10 t no pai
n it can\TS1/lmtt/m/n/10 '\T1/lmtt/m/n/10 t wash away\nFrom the moment that it 
hits your lips\nMakes those clouds look a little less grey\n\nOh you could be l
onely, heartbroken\nOr hungover from the night before\nTurn that frown into a s
mile real quick\nThere ain\TS1/lmtt/m/n/10 '\T1/lmtt/m/n/10 t nothin\TS1/lmtt/m
/n/10 ' \T1/lmtt/m/n/10 that a beer can\TS1/lmtt/m/n/10 '\T1/lmtt/m/n/10 t fix\
n\nIt could be raining\TS1/lmtt/m/n/10 ' \T1/lmtt/m/n/10 on your perfect vacati
on\nYou could be stressed about your work situation\nAin\TS1/lmtt/m/n/10 '\T1/l
mtt/m/n/10 t gotta save it for no special occasion\nAin\TS1/lmtt/m/n/10 '\T1/lm
tt/m/n/10 t nothin\TS1/lmtt/m/n/10 ' \T1/lmtt/m/n/10 that a beer can\TS1/lmtt/m
/n/10 '\T1/lmtt/m/n/10 t fix\nAin\TS1/lmtt/m/n/10 '\T1/lmtt/m/n/10 t no pain it
 can\TS1/lmtt/m/n/10 '\T1/lmtt/m/n/10 t wash away, no\nFrom the moment that it 
hits your lips\nMakes those clouds look a little less grey\n\nOoh you could be 
lonely (Lonely)\nHeartbroken (Heartbroken)\nOr hungover from the night before\n
Turn that frown into a smile real quick\nIt might take one or it might take six
\nDrank it down, it\TS1/lmtt/m/n/10 '\T1/lmtt/m/n/10 ll do the trick\nThere ain
\TS1/lmtt/m/n/10 '\T1/lmtt/m/n/10 t nothin\TS1/lmtt/m/n/10 ' \T1/lmtt/m/n/10 th
at a beer can\TS1/lmtt/m/n/10 '\T1/lmtt/m/n/10 t fix\n"[] 
 []


Overfull \hbox (6465.47482pt too wide) in paragraph at lines 350--350
[]\T1/lmtt/m/n/10 ## [1] "That I feel most alive\nBut the news has all been bad
\nAnd the whole world seems so sad\nI ain\TS1/lmtt/m/n/10 '\T1/lmtt/m/n/10 t ha
d much else going on\nSo I sat down and wrote this song\n\nI miss my mom, I mis
s my dad\nI miss the road, I miss my band\nGiving hugs and shaking hands\nIt\TS
1/lmtt/m/n/10 '\T1/lmtt/m/n/10 s a mystery I suppose\nJust how long this thing 
goes\nBut there\TS1/lmtt/m/n/10 '\T1/lmtt/m/n/10 ll be crowds and there\TS1/lmt
t/m/n/10 '\T1/lmtt/m/n/10 ll be shows\nAnd there will be light after dark\nSome
day when we aren\TS1/lmtt/m/n/10 '\T1/lmtt/m/n/10 t six feet apart\n\nFirst thi
ng that I\TS1/lmtt/m/n/10 '\T1/lmtt/m/n/10 m gonna do\nIs slide on in some corn
er booth\nAnd take the whole damn family out\nAnd buy my buddies all a round\nP
ay some extra on the tab\nCatch a movie, catch a cab\nWatch a ballgame from the
 stands\nProbably over-wash my hands\n\nI miss my mom, I miss my dad\nI miss th
e road, I miss my band\nGiving hugs and shaking hands\nWell, it\TS1/lmtt/m/n/10
 '\T1/lmtt/m/n/10 s a mystery I suppose\nJust how long this thing goes\nBut the
re\TS1/lmtt/m/n/10 '\T1/lmtt/m/n/10 ll be crowds and there\TS1/lmtt/m/n/10 '\T1
/lmtt/m/n/10 ll be shows\nAnd there will be light after dark\nSomeday when we a
ren\TS1/lmtt/m/n/10 '\T1/lmtt/m/n/10 t six feet apart\n\nI miss my mom, I miss 
my dad\nI miss the road, I miss my band\nGiving hugs and shaking hands\nWell, i
t\TS1/lmtt/m/n/10 '\T1/lmtt/m/n/10 s a mystery I suppose\nJust how long this th
ing goes\nBut there\TS1/lmtt/m/n/10 '\T1/lmtt/m/n/10 ll be crowds and there\TS1
/lmtt/m/n/10 '\T1/lmtt/m/n/10 ll be shows\nThere will be light after dark\nSome
day when we aren\TS1/lmtt/m/n/10 '\T1/lmtt/m/n/10 t six feet apart\n\nThere wil
l be light after dark\nSomeday when we aren\TS1/lmtt/m/n/10 '\T1/lmtt/m/n/10 t 
six feet apart\n"[] 
 []


Overfull \hbox (7536.47171pt too wide) in paragraph at lines 350--350
[]\T1/lmtt/m/n/10 ## [2] "When I caught you looking\n\nA little smile, a little
 how you been\nA little touch, a little reminisce\nIt always starts off innocen
t\n\nBut after a few drinks\nIt\TS1/lmtt/m/n/10 '\T1/lmtt/m/n/10 s always the s
ame thing\nWe find ourselves lost in conversation at the bar\nThen after a few 
songs\nThe kind that you hold on\nWe find ourselves leaning up against my car\n
Shoulda stopped at one\nSaid goodbye, given up at two\nIf we didn\TS1/lmtt/m/n/
10 '\T1/lmtt/m/n/10 t wanna wind up falling into my bed like we always do\nAfte
r a few\nOh, after a few\n\nWe always take it way too far\nWhere it\TS1/lmtt/m/
n/10 '\T1/lmtt/m/n/10 s too much to resist\nWe always make it way too hard\nTo 
walk away after that third kiss\nWe pretend that we\TS1/lmtt/m/n/10 '\T1/lmtt/m
/n/10 ll be fine\nThrough the sting of the morning light\n\TS1/lmtt/m/n/10 '\T1
/lmtt/m/n/10 Cause it happens every time\n\nAfter a few drinks\nIt\TS1/lmtt/m/n
/10 '\T1/lmtt/m/n/10 s always the same thing\nWe find ourselves lost in convers
ation at the bar\nThen after a few songs\nThe kind that you hold on\nWe find ou
rselves leaning up against my car\nShoulda stopped at one\nSaid goodbye, given 
up at two\nIf we didn\TS1/lmtt/m/n/10 '\T1/lmtt/m/n/10 t wanna wind up falling 
into my bed like we always do\nAfter a few\nOh yeah, after a few\n\nLittle smil
e, little how you been\nLittle touch, little reminisce\nWe both know how it end
s\n\nAfter a few drinks\nIt\TS1/lmtt/m/n/10 '\T1/lmtt/m/n/10 s always the same 
thing\nWe find ourselves lost in conversation at the bar\nThen after a few song
s\nThe kind that you hold on\nWe find ourselves leaning up against my car\nShou
lda stopped at one\nSaid goodbye, given up at two\nIf we didn\TS1/lmtt/m/n/10 '
\T1/lmtt/m/n/10 t wanna wind up falling into my bed like we always do\nAfter a 
few\nOh, after a few\n"[] 
 []


Overfull \hbox (6271.22539pt too wide) in paragraph at lines 350--350
[]\T1/lmtt/m/n/10 ## [3] "Buzzing all night like neon in the dark\nI found myse
lf in this\n\nCouldn\TS1/lmtt/m/n/10 '\T1/lmtt/m/n/10 t wait to turn 21\nThe da
y I did I got too drunk\nSpinnin\TS1/lmtt/m/n/10 ' \T1/lmtt/m/n/10 round dizzy 
on the patio\nFound out real quick how to take it slow\nGot whiskey bent on whi
skey sours\nRan my mouth to an out of towner\nLearned a big lesson when I met t
he bouncer\n\nI found myself in this bar\nMaking mistakes and making new friend
s\nI was growing up and nothing made sense\nBuzzing all night like neon in the 
dark\nI found myself in this bar\n\nI found myself in this\n\nSaw her in the co
rner sippin\TS1/lmtt/m/n/10 ' \T1/lmtt/m/n/10 something tall\nCracked a few jok
es we hit it off\nYear down the road I\TS1/lmtt/m/n/10 '\T1/lmtt/m/n/10 m watch
ing her\nWalk through the door with some new jerk\nWe had it good and it hurt s
o bad\nBut I had to stand my ground\nChased my pride with another round\n\nI fo
und myself in this bar\nMaking mistakes and making new friends\nI was growing u
p and nothing made sense\nLearning how to live with a broken heart\nI found mys
elf in this bar\n\nThose nights, what I would give for one more\nBud Lights and
 kissin\TS1/lmtt/m/n/10 ' \T1/lmtt/m/n/10 on the front porch\nDidn\TS1/lmtt/m/n
/10 '\T1/lmtt/m/n/10 t even know what I was looking for\n\nBut I found myself i
n this bar\nI found myself in this bar\nI found myself in this bar\nAin\TS1/lmt
t/m/n/10 '\T1/lmtt/m/n/10 t it strange the things you keep tucked in your heart
?\nI found myself in this bar\n"[] 
 []


Overfull \hbox (6465.47482pt too wide) in paragraph at lines 350--350
[]\T1/lmtt/m/n/10 ## [4] "Man, she\TS1/lmtt/m/n/10 '\T1/lmtt/m/n/10 s hard to f
ind\nAnd towns\nEverywhere along the map\nWell, I\TS1/lmtt/m/n/10 '\T1/lmtt/m/n
/10 ve traveled there and back\nAnd I wonder where she\TS1/lmtt/m/n/10 '\T1/lmt
t/m/n/10 s at\n\nYeah, maybe she\TS1/lmtt/m/n/10 '\T1/lmtt/m/n/10 s in Dallas\n
Cheering for the Cowboys\nMaybe laying low down in Mexico\nI know she loves the
 sunshine\nYeah, maybe she\TS1/lmtt/m/n/10 '\T1/lmtt/m/n/10 s in Vegas\nAt a ta
ble dealing Blackjack\nHey, if you wouldn\TS1/lmtt/m/n/10 '\T1/lmtt/m/n/10 t mi
nd\nIf you see her out tonight\nTell her she\TS1/lmtt/m/n/10 '\T1/lmtt/m/n/10 s
 mine\n\nLife\nIt\TS1/lmtt/m/n/10 '\T1/lmtt/m/n/10 s a crazy ride, isn\TS1/lmtt
/m/n/10 '\T1/lmtt/m/n/10 t it?\nI\TS1/lmtt/m/n/10 '\T1/lmtt/m/n/10 m loving eve
ry minute\nBut it\TS1/lmtt/m/n/10 '\T1/lmtt/m/n/10 d be better with her in it, 
yeah\n\nMaybe she\TS1/lmtt/m/n/10 '\T1/lmtt/m/n/10 s living in a small town\nAn
d she\TS1/lmtt/m/n/10 '\T1/lmtt/m/n/10 s taught to fear the Bible\nBut she\TS1/
lmtt/m/n/10 '\T1/lmtt/m/n/10 s got a couple friends that she runs around with\n
Dancin\TS1/lmtt/m/n/10 ' \T1/lmtt/m/n/10 with the Devil\nMaybe she\TS1/lmtt/m/n
/10 '\T1/lmtt/m/n/10 s sittin\TS1/lmtt/m/n/10 ' \T1/lmtt/m/n/10 in a caf√\TS1/l
mtt/m/n/10 ©\T1/lmtt/m/n/10 \nIn a lonely crowded city\nHey, if you wouldn\TS1/
lmtt/m/n/10 '\T1/lmtt/m/n/10 t mind\nIf you see her out tonight\nTell her she\T
S1/lmtt/m/n/10 '\T1/lmtt/m/n/10 s mine\n\nTell her I\TS1/lmtt/m/n/10 '\T1/lmtt/
m/n/10 m comin\TS1/lmtt/m/n/10 '\T1/lmtt/m/n/10 \nI\TS1/lmtt/m/n/10 '\T1/lmtt/m
/n/10 m runnin\TS1/lmtt/m/n/10 '\T1/lmtt/m/n/10 \nYeah, I\TS1/lmtt/m/n/10 '\T1/
lmtt/m/n/10 m sorry I\TS1/lmtt/m/n/10 '\T1/lmtt/m/n/10 m late\nThat I want her\
nI love her\nAnd I just can\TS1/lmtt/m/n/10 '\T1/lmtt/m/n/10 t wait to meet her
 someday\n\nHell, maybe she\TS1/lmtt/m/n/10 '\T1/lmtt/m/n/10 s a hippie\nHangin
\TS1/lmtt/m/n/10 ' \T1/lmtt/m/n/10 on the west coast\nWith flowers in her hair\
nProb\TS1/lmtt/m/n/10 '\T1/lmtt/m/n/10 ly doesn\TS1/lmtt/m/n/10 '\T1/lmtt/m/n/1
0 t care\n\TS1/lmtt/m/n/10 '\T1/lmtt/m/n/10 Bout nothin\TS1/lmtt/m/n/10 ' \T1/l
mtt/m/n/10 but a good time\nMaybe she\TS1/lmtt/m/n/10 '\T1/lmtt/m/n/10 s living
 up in New York\nWorking down on Wall Street\nHey, if you wouldn\TS1/lmtt/m/n/1
0 '\T1/lmtt/m/n/10 t mind\nIf you see her out tonight\nTell her she\TS1/lmtt/m/
n/10 '\T1/lmtt/m/n/10 s mine\n\nYeah, tell her she\TS1/lmtt/m/n/10 '\T1/lmtt/m/
n/10 s mine\nTell her she\TS1/lmtt/m/n/10 '\T1/lmtt/m/n/10 s mine\nHey, if you 
wouldn\TS1/lmtt/m/n/10 '\T1/lmtt/m/n/10 t mind\nIf you see her out tonight\nTel
l her she\TS1/lmtt/m/n/10 '\T1/lmtt/m/n/10 s mine\n"[] 
 []


Overfull \hbox (7725.47116pt too wide) in paragraph at lines 350--350
[]\T1/lmtt/m/n/10 ## [5] "For everything I\TS1/lmtt/m/n/10 '\T1/lmtt/m/n/10 d b
een through\nAnd each day, I knew I needed change\nBut there was no way, no way
\n\nAnd then God whispered your name\nAnd that\TS1/lmtt/m/n/10 '\T1/lmtt/m/n/10
 s when everything changed\nAnd love came out of the rain\nAnd talk about being
 saved\n\nSuddenly I wanna live\nMore than I ever did\nI\TS1/lmtt/m/n/10 '\T1/l
mtt/m/n/10 m never gonna be the same\nOh, when God whispered your name\n\nI can
 see the sunshine\nFor the first time in a while\nGirl, it\TS1/lmtt/m/n/10 '\T1
/lmtt/m/n/10 s like I\TS1/lmtt/m/n/10 '\T1/lmtt/m/n/10 ve been baptized\nBy the
 warmth of your smile\nWell, call it fate or faith or call it crazy either way\
nIt\TS1/lmtt/m/n/10 '\T1/lmtt/m/n/10 s amazin\TS1/lmtt/m/n/10 '\T1/lmtt/m/n/10 
, amazin\TS1/lmtt/m/n/10 ' \T1/lmtt/m/n/10 grace\n\nOh, when God whispered your
 name\nAnd that\TS1/lmtt/m/n/10 '\T1/lmtt/m/n/10 s when everything changed\nLov
e came out of the rain\nTalk about being saved\n\nWell, suddenly I wanna live\n
More than I ever did\nI\TS1/lmtt/m/n/10 '\T1/lmtt/m/n/10 m never gonna be the s
ame\nWhen God whispered your name\n\nIt\TS1/lmtt/m/n/10 '\T1/lmtt/m/n/10 s just
 what I needed to hear, baby\nIt couldn\TS1/lmtt/m/n/10 '\T1/lmtt/m/n/10 t have
 been more loud and clear\n\nOh, when God whispered your name\nAnd that\TS1/lmt
t/m/n/10 '\T1/lmtt/m/n/10 s when everything changed\nLove came out of the rain 
(out of the rain)\nAnd talk about being saved\n\nOh, suddenly I wanna live\nMor
e than I ever did\nI\TS1/lmtt/m/n/10 '\T1/lmtt/m/n/10 m never gonna be the same
\nWhen God whispered your name, oh yeah\n\nHallelujah, Hallelujah\nHallelujah\n
Ooh, Hallelujah, baby\nHallelujah, Hallelujah (oh yeah)\nHallelujah (ooh, yeah)
\nI can see the sunlight shinin\TS1/lmtt/m/n/10 ' \T1/lmtt/m/n/10 through your 
pretty eyes, baby\nHallelujah, Hallelujah\nI like a man who leaves, time feels 
like hell\n\nHallelujah\nGot my hands up high, I got my hands up to the sky\nHa
llelujah, Hallelujah (ooh, I\TS1/lmtt/m/n/10 '\T1/lmtt/m/n/10 m sayin\TS1/lmtt/
m/n/10 ' \T1/lmtt/m/n/10 thank you)\nHallelujah\nHallelujah, Hallelujah\nHallel
ujah\n"[] 
 []


Overfull \hbox (8465.71901pt too wide) in paragraph at lines 350--350
[]\T1/lmtt/m/n/10 ## [6] "Sippin\TS1/lmtt/m/n/10 ' \T1/lmtt/m/n/10 on a frozen 
drink\n\nTiki bars tik\TS1/lmtt/m/n/10 '\T1/lmtt/m/n/10 n pourin\TS1/lmtt/m/n/1
0 ' \T1/lmtt/m/n/10 all weekend\nClouds ain\TS1/lmtt/m/n/10 '\T1/lmtt/m/n/10 t 
leakin\TS1/lmtt/m/n/10 ' \T1/lmtt/m/n/10 no rain\nTwo pieces shakin\TS1/lmtt/m/
n/10 ' \T1/lmtt/m/n/10 white caps breakin\TS1/lmtt/m/n/10 '\T1/lmtt/m/n/10 \nWe
 ain\TS1/lmtt/m/n/10 '\T1/lmtt/m/n/10 t feelin\TS1/lmtt/m/n/10 ' \T1/lmtt/m/n/1
0 no pain, it goes like\n\nOne margarita\nTwo margarita\nThree margarita, shot!
\nDon\TS1/lmtt/m/n/10 '\T1/lmtt/m/n/10 t worry \TS1/lmtt/m/n/10 '\T1/lmtt/m/n/1
0 bout tomorrow\nLeave all your sorrow out on the floatin\TS1/lmtt/m/n/10 ' \T1
/lmtt/m/n/10 dock\nWhen that sun lays down\nWe\TS1/lmtt/m/n/10 '\T1/lmtt/m/n/10
 ll be on our way\nOne more barefoot round\nOne more last chance to say\nHey Se
√\TS1/lmtt/m/n/10 ±\T1/lmtt/m/n/10 orita! don\TS1/lmtt/m/n/10 '\T1/lmtt/m/n/10 
t you think we need\nA salt and a Buffett song!\nOne margarita\nTwo margarita\n
Three margarita\nWe\TS1/lmtt/m/n/10 '\T1/lmtt/m/n/10 ll be gone!\n\nIce blue sk
ies, shades on the eyes\nTo tuck the bloodshot away\nHair of the dog, shouldn\T
S1/lmtt/m/n/10 '\T1/lmtt/m/n/10 t take long\nBut who cares, we got all day\nPal
m trees leanin\TS1/lmtt/m/n/10 '\T1/lmtt/m/n/10 , sunburn screenin\TS1/lmtt/m/n
/10 '\T1/lmtt/m/n/10 \nBut we\TS1/lmtt/m/n/10 '\T1/lmtt/m/n/10 ll all be alrigh
t, after\n\nOne margarita\nTwo margarita\nThree margarita, shot!\nDon\TS1/lmtt/
m/n/10 '\T1/lmtt/m/n/10 t worry \TS1/lmtt/m/n/10 '\T1/lmtt/m/n/10 bout tomorrow
\nLeave all your sorrow\nOut here on the floatin\TS1/lmtt/m/n/10 ' \T1/lmtt/m/n
/10 dock\nWhen the sun lays down\nWe\TS1/lmtt/m/n/10 '\T1/lmtt/m/n/10 ll be on 
our way\nOne more barefoot round\nOne more last chance to say\nHey Se√\TS1/lmtt
/m/n/10 ±\T1/lmtt/m/n/10 orita! don\TS1/lmtt/m/n/10 '\T1/lmtt/m/n/10 t you thin
k we need\nA salt and a Marley song\nOne margarita\nTwo margarita\nThree margar
ita\nWe\TS1/lmtt/m/n/10 '\T1/lmtt/m/n/10 ll be gone!\nWe\TS1/lmtt/m/n/10 '\T1/l
mtt/m/n/10 ll be gone!\n\nTiki bars tik\TS1/lmtt/m/n/10 '\T1/lmtt/m/n/10 n, pou
rin\TS1/lmtt/m/n/10 ' \T1/lmtt/m/n/10 all weekend\nClouds ain\TS1/lmtt/m/n/10 '
\T1/lmtt/m/n/10 t leakin\TS1/lmtt/m/n/10 ' \T1/lmtt/m/n/10 no rain\nTwo pieces 
shakin\TS1/lmtt/m/n/10 '\T1/lmtt/m/n/10 , white caps breakin\TS1/lmtt/m/n/10 '\
T1/lmtt/m/n/10 \nWe ain\TS1/lmtt/m/n/10 '\T1/lmtt/m/n/10 t feelin\TS1/lmtt/m/n/
10 ' \T1/lmtt/m/n/10 no pain, feelin\TS1/lmtt/m/n/10 ' \T1/lmtt/m/n/10 no pain\
nIt goes like\n\nOne margarita\nTwo margarita\nThree margarita, shot!\nDon\TS1/
lmtt/m/n/10 '\T1/lmtt/m/n/10 t worry \TS1/lmtt/m/n/10 '\T1/lmtt/m/n/10 bout tom
orrow\nLeave all your sorrow\nOut here on the floatin\TS1/lmtt/m/n/10 ' \T1/lmt
t/m/n/10 dock\nWhen the sun lays down, we\TS1/lmtt/m/n/10 '\T1/lmtt/m/n/10 ll b
e on our way\nOne barefoot round\nOne more last chance to say\nHey Se√\TS1/lmtt
/m/n/10 ±\T1/lmtt/m/n/10 orita! don\TS1/lmtt/m/n/10 '\T1/lmtt/m/n/10 t you thin
k we need\nA salt and a Chesney song!\n\nOne margarita\nTwo margarita\nThree ma
rgarita\nWe\TS1/lmtt/m/n/10 '\T1/lmtt/m/n/10 ll be gone!\nWe\TS1/lmtt/m/n/10 '\
T1/lmtt/m/n/10 ll be gone!\nWe\TS1/lmtt/m/n/10 '\T1/lmtt/m/n/10 ll be gone!\n"[
] 
 []

[3]
Overfull \hbox (1147.24028pt too wide) in paragraph at lines 401--401
[]\T1/lmtt/m/n/10 ##  chr "I call beautiful, babe\nTell \TS1/lmtt/m/n/10 '\T1/l
mtt/m/n/10 em, Blanc\n\nThe way your hair\TS1/lmtt/m/n/10 '\T1/lmtt/m/n/10 s in
 a mess\nIn the morning when you open your eyes\nThe way an hour goes by when y
ou say\nThat you\TS1/lmtt/m/n/10 '\T1/lmtt/m/n/10 ll be ready in five\n(Yeah, u
h)\n\nThe little dimple on the side of your smile\nWhen you\TS1/lmtt/m/n/10 '\T
1/lmtt/m/n/10 re laughing at a movie\nThat you\TS1/lmtt/m/n/10 '\T1/lmtt/m/n/10
 "| __truncated__[] 
 []

[4]
Overfull \hbox (275.74281pt too wide) in paragraph at lines 468--468
[]\T1/lmtt/m/n/10 ##  $ FileName: chr  "shelton-stefani-nobody-but-you.txt" "la
mbert-bluebird.txt" "mccollum-pretty-heart.txt" "stell-everywhere-but-on.txt" .
..[] 
 []


Overfull \hbox (2365.23674pt too wide) in paragraph at lines 468--468
[]\T1/lmtt/m/n/10 ##  $ Content : chr  "And wonder who you are married to\n\nWa
nna say it now, wanna make it clear\nFor only you and God to hear\nWhen "| __tr
uncated__ "34 was bad, so I just turn to 35\nYeah, I am a keeper\nI keep diggin
g down for the deep\nLike the records I am "| __truncated__ "And you loved me t
he best you could\nI am the one who dropped the ball\nGot you high and let you 
fall\nLet the "| __truncated__ "Put some days, put some miles in the rearview\n
A few state lines \TS1/lmtt/m/n/10 '\T1/lmtt/m/n/10 tween me and you\nJust a li
ttle space and tim"| __truncated__ ...[] 
 []


Overfull \hbox (1147.24028pt too wide) in paragraph at lines 485--485
[]\T1/lmtt/m/n/10 ##  chr "sun settin\TS1/lmtt/m/n/10 ' \T1/lmtt/m/n/10 on good
bye\nyeah, it hard to believe\nit was not me tryin\TS1/lmtt/m/n/10 ' \T1/lmtt/m
/n/10 to leave this time\n\nit ai not always the cowboy\nthat ai not got a lot 
of hang around\nai not got no settle down in their boots\ngone just what they d
o\nthat restless, runnin\TS1/lmtt/m/n/10 '\T1/lmtt/m/n/10 , searchin\TS1/lmtt/m
/n/10 ' \T1/lmtt/m/n/10 for somethin\TS1/lmtt/m/n/10 '\T1/lmtt/m/n/10 \nleavin\
TS1/lmtt/m/n/10 ' \T1/lmtt/m/n/10 "| __truncated__[] 
 []


Overfull \hbox (8234.71968pt too wide) in paragraph at lines 543--543
[]\T1/lmtt/m/n/10 ##  [1] "and wonder who you are married to\n\nwanna say it no
w, wanna make it clear\nfor only you and god to hear\nwhen you love someone, th
ey say you set them free\nbut that ai not gonna work for me\n\ni do not wanna l
ive without you\ni do not wanna even breathe\ni do not wanna dream about you\nw
anna wake up with you next to me\ni do not wanna go down any other road now\ni 
do not wanna love nobody but you\nlooking in your eyes now, if i had to die now
\ni do not wanna love nobody but you (you)\n\nall the wasted days, all the wast
ed nights\ni blame it all on being young\ngot no regrets, be cause they got me 
here\nbut i do not wanna waste another one\n\ni been thinkin\TS1/lmtt/m/n/10 ' 
\T1/lmtt/m/n/10 about what i want in my life\nit begins and ends the same\nif i
 had to choose what i could not lose\nthere would only be one thing\n\ni do not
 wanna live without you\ni do not wanna even breathe\ni do not wanna dream abou
t you\nwanna wake up with you next to me\ni do not wanna go down any other road
 now\ni do not wanna love nobody but you\nlooking in your eyes now, if i had to
 die now\ni do not wanna love nobody but you (you)\ni do not wanna love nobody 
but you (you)\n\ni wanna say it now, wanna make it clear\nfor only you and god 
to hear\n\ni do not wanna live without you (i do not wanna live)\ni do not wann
a even breathe\ni do not wanna dream about you\nwanna wake up with you next to 
me (next to me)\ni do not wanna go down any other road now\ni do not wanna love
 nobody but you (i do not wanna love nobody)\nlookin\TS1/lmtt/m/n/10 ' \T1/lmtt
/m/n/10 in your eyes now, if i had to die now\ni do not wanna love nobody but y
ou (you)\n\ni do not wanna love nobody (you)\ni do not wanna love nobody but yo
u\n"[] 
 []


Overfull \hbox (7021.9732pt too wide) in paragraph at lines 543--543
[]\T1/lmtt/m/n/10 ##  [2] "34 was bad, so i just turn to 35\nyeah, i am a keepe
r\ni keep digging down for the deep\nlike the records i am playing\nthey might 
keep you waiting\nbut you know i am only playing for keeps\n\nand if the house 
just keeps on winning\ni got a wildcard up my sleeve\nand if love keeps giving 
me lemons\ni will just mix them in my drink\nand if the whole wide world stops 
singing\nand all the stars go dark\ni will keep a light on in my soul\nkeep blu
ebird in my heart\n\nwell, i am a giver\nyeah, and i am still giving them hell\
nforgiving pretty hard\nso i have made an art\nout of forgetting them well\nyea
h, i am a rhymer\ni can turn 20 cents into a 10\nand if i get confused and i st
art to lose\ni will rhyme a dime \TS1/lmtt/m/n/10 '\T1/lmtt/m/n/10 til it all m
akes sense\n\nand if the house just keeps on winning\ni got a wildcard up my sl
eeve\nand if love keeps giving me lemons\ni will just mix them in my drink\nand
 if the whole wide world stops singing\nand all the stars go dark\ni will turn 
the light on in my soul\nand keep the bluebird in my heart\n\nand if the house 
just keeps on winning\ni got a wildcard up my sleeve\nand if love starts giving
 me lemons\njust mix them in my drink\nand if the whole wide world stops singin
g\nand all the stars go dark\ni will keep a light on in my soul\nkeep a bluebir
d in my heart\ni will keep a light on in my soul\nkeep a bluebird in my heart\n
keep a bluebird in my heart\n\nand the bluebird sings\n"[] 
 []


Overfull \hbox (6124.22581pt too wide) in paragraph at lines 543--543
[]\T1/lmtt/m/n/10 ##  [3] "and you loved me the best you could\ni am the one wh
o dropped the ball\ngot you high and let you fall\nlet the best thing i ever ha
d slip away\n\nand what does that say about me?\ni could do you like i did\ntha
t i could break an angel wings\nwhat does that say about me\nthat i stood there
 like a fencepost\nas you drove off in your car\nwhat does that say about me\nn
ow that i broke\nyour pretty heart\nyour pretty heart\n\ni been drinking like a
 drunkard\nin these austin neon lights\nburning smokes and wondering\nif there 
anything i have done right\nwell i wish that i could go back\nhang on to what i
 had\nguess that all, babe\nnothing but a dream\n\nwhat does that say about me?
\ni could do you like i did\nthat i could break an angel wings\nwhat does that 
say about me?\nthat i stood there like a fencepost\nas you drove off in your ca
r\nwhat does that say about me?\nnow that i broke\nyour pretty heart\nyour pret
ty heart\n\nwhat does that say about me?\ni could do you like i did\nthat i cou
ld break an angel wings\nwhat does that say about me?\nthat i stood there like 
a fencepost\nas you drove off in your car\nwhat does that say about me?\nnow th
at i broke\nyour pretty heart\nyour pretty heart\nyour pretty heart\nyour prett
y heart\n"[] 
 []


Overfull \hbox (7762.22105pt too wide) in paragraph at lines 543--543
[]\T1/lmtt/m/n/10 ##  [4] "put some days, put some miles in the rearview\na few
 state lines \TS1/lmtt/m/n/10 '\T1/lmtt/m/n/10 tween me and you\njust a little 
space and time and i would be fine\n\nbut i have been from savannah to long bea
ch\ntrying to keep your memory out of reach\nbut there you were in the delta ni
ghts\nthe santa fe sun, the colorado sky\ni could add another push pin to the m
ap\nbut that do not stop me from missing you and looking back\nguess there just
 one place i have not gone\ni have moved everywhere but on\n\nmy mail still goi
ng to mama house\nbecause i am still long gone trying to figure out\nwho i am w
ithout you and why i still think about you\njust biding my time making ends mee
t\nloading trucks, pouring coffee, pouring concrete\nplanning my next move for 
getting over you, yeah\n\ni have been from savannah to long beach\ntrying to ke
ep your memory out of reach\nbut there you were in the delta nights\nthe santa 
fe sun, the colorado sky\ni could add another push pin to the map\nbut that do 
not stop me from missing you and looking back\nguess there just one place i hav
e not gone\ni have moved everywhere but on\n\nif i had it my way, this ol\TS1/l
mtt/m/n/10 ' \T1/lmtt/m/n/10 highway would have fixed me up somehow\nwould have
 led me home by now\ni have been from savannah to long beach\ntrying to keep yo
ur memory out of reach\nbut there you were in the delta nights\nthe santa fe su
n, the colorado sky\ni could add another push pin to the map\nbut that do not s
top me from missing you and looking back\nguess there just one place i have not
 gone\ni have moved everywhere but on\ni have moved everywhere but on\n"[] 
 []


Overfull \hbox (5929.97638pt too wide) in paragraph at lines 543--543
[]\T1/lmtt/m/n/10 ##  [5] "and words by themselves can not right all the wrongs
\n\nin a world that gone crazy\nyou do not know what true\nmost people do not c
hange\nbut some people do\n\nsome people quit drinking too much\nand some peopl
e quit lying\nsome people decide to grow up\nbut it never good timing\nmost wou
ld not forgive\nwhat i put you through\nbut i am here tonight\nhoping some peop
le do\n\nsome people say sorry to hear it okay\nbut i know it not, so you do no
t have to say\nthat you understand be cause i know you do not\nneither do i, bu
t that do not mean that i will not\n\ntry every day\nto show you the truth\nmos
t people do not change\nbut some people do\n\nsome people quit drinking too muc
h\nand some people quit lying\nsome people decide to grow up\nbut it never good
 timing\nmost would not forgive\nwhat i put you through\nbut i am here tonight\
nhoping some people do\n\nso whether you kiss me\nor you close the door\njust k
now that i am better\nthan i was before\n\nsome people quit drinking too much\n
and some people quit lying\nsome people decide to grow up\nbut it never good ti
ming\nmost would not forgive\nwhat i put you through\nbut i am here tonight\nho
ping some people do\n\ni am hoping some people do\n"[] 
 []


Overfull \hbox (8932.96765pt too wide) in paragraph at lines 543--543
[]\T1/lmtt/m/n/10 ##  [6] "you and your girl had a fight\nand now she saying go
odbye\nshe ran upstairs and packed her bags\n\nit could be raining\TS1/lmtt/m/n
/10 ' \T1/lmtt/m/n/10 on your perfect vacation\nyou could be stressed about you
r work situation\nai not gotta listen to me but all i am sayin\TS1/lmtt/m/n/10 
'\T1/lmtt/m/n/10 \n\nai not nothin\TS1/lmtt/m/n/10 ' \T1/lmtt/m/n/10 that a bee
r can not fix\nai not no pain it can not wash away\nfrom the moment that it hit
s your lips\nmakes those clouds look a little less grey\n\noh you could be lone
ly, or heartbroken\nor hungover from the night before\nturn that frown into a s
mile real quick\nthere ai not nothin\TS1/lmtt/m/n/10 ' \T1/lmtt/m/n/10 that a b
eer can not fix\n\nyou are on a lake and you are fishin\TS1/lmtt/m/n/10 '\T1/lm
tt/m/n/10 \nit hot and all that you are getting\nis a little nibble here and th
ere\nyou are sittin\TS1/lmtt/m/n/10 ' \T1/lmtt/m/n/10 watchin\TS1/lmtt/m/n/10 '
 \T1/lmtt/m/n/10 your team\nlosin\TS1/lmtt/m/n/10 ' \T1/lmtt/m/n/10 that champi
onship ring\nand you are feelin\TS1/lmtt/m/n/10 ' \T1/lmtt/m/n/10 like life ai 
not fair\n\nit could be raining\TS1/lmtt/m/n/10 ' \T1/lmtt/m/n/10 on your perfe
ct vacation\nyou could be stressed about your work situation\nai not nothin\TS1
/lmtt/m/n/10 ' \T1/lmtt/m/n/10 that a beer can not fix\nai not no pain it can n
ot wash away\nfrom the moment that it hits your lips\nmakes those clouds look a
 little less grey\n\noh you could be lonely, heartbroken\nor hungover from the 
night before\nturn that frown into a smile real quick\nthere ai not nothin\TS1/
lmtt/m/n/10 ' \T1/lmtt/m/n/10 that a beer can not fix\n\nit could be raining\TS
1/lmtt/m/n/10 ' \T1/lmtt/m/n/10 on your perfect vacation\nyou could be stressed
 about your work situation\nai not gotta save it for no special occasion\nai no
t nothin\TS1/lmtt/m/n/10 ' \T1/lmtt/m/n/10 that a beer can not fix\nai not no p
ain it can not wash away, no\nfrom the moment that it hits your lips\nmakes tho
se clouds look a little less grey\n\nooh you could be lonely (lonely)\nheartbro
ken (heartbroken)\nor hungover from the night before\nturn that frown into a sm
ile real quick\nit might take one or it might take six\ndrank it down, it\TS1/l
mtt/m/n/10 '\T1/lmtt/m/n/10 ll do the trick\nthere ai not nothin\TS1/lmtt/m/n/1
0 ' \T1/lmtt/m/n/10 that a beer can not fix\n"[] 
 []


Overfull \hbox (8712.46829pt too wide) in paragraph at lines 543--543
[]\T1/lmtt/m/n/10 ##  [7] "that one kiss, i knew\nthere was nothing i would not
 do\njust to give you\n\nthat house on the hill with a 4-plank around it\nevery
 last breath \TS1/lmtt/m/n/10 '\T1/lmtt/m/n/10 til the last star is counted\nju
st say the word girl, paint me, you are perfect\ni will not quit \TS1/lmtt/m/n/
10 '\T1/lmtt/m/n/10 til the good lord says my work is done\nlike a faded out so
ng on the radio, done\nlike the cowboy gets the girl when the credits roll\ni w
ould give you a lifetime of days in the sun\nwhatever you need and you want, i 
will not stop \TS1/lmtt/m/n/10 '\T1/lmtt/m/n/10 til it done\n\ndone\nall the he
ll i was raising, done\nall the careless heart-breaking, done\nfor the chance t
hat you are taking\ni spend my nights praying\nand all my days chasing\n\nthat 
house on the hill with a 4-plank around it\nevery last breath \TS1/lmtt/m/n/10 
'\T1/lmtt/m/n/10 til the last star is counted\njust say the word girl, paint me
, you are perfect\ni will not quit \TS1/lmtt/m/n/10 '\T1/lmtt/m/n/10 til the go
od lord says my work is done\nlike a faded out song on the radio, done\nlike th
e cowboy gets the girl when the credits roll\ni would give you a lifetime of da
ys in the sun\nwhatever you need and you want, i will not stop \TS1/lmtt/m/n/10
 '\T1/lmtt/m/n/10 til it done\n\nyou know i will not stop \TS1/lmtt/m/n/10 '\T1
/lmtt/m/n/10 til it done\nyou need a man you can lean on, done\nyou need some f
aith you can hang your dreams on\ncheck them off one by one\n\nand that house o
n the hill with a four-plank around it\nevery last breath \TS1/lmtt/m/n/10 '\T1
/lmtt/m/n/10 til the last star is counted\njust say the word girl, paint me, yo
u are perfect\ni will not quit \TS1/lmtt/m/n/10 '\T1/lmtt/m/n/10 til the good l
ord says my work is done\nlike a faded out song on the radio, done\nlike the co
wboy gets the girl when the credits roll\ni would give you a lifetime of days i
n the sun\nwhatever you need and you want, i will not stop \TS1/lmtt/m/n/10 '\T
1/lmtt/m/n/10 til it done\n\nbaby, i will not stop \TS1/lmtt/m/n/10 '\T1/lmtt/m
/n/10 til it done\noh, you know i ai not done\nfirst time i saw you, done\n"[] 

 []


Overfull \hbox (5998.22618pt too wide) in paragraph at lines 543--543
[]\T1/lmtt/m/n/10 ##  [8] "was the first time you ever scared me\n\ngod knows i
 do not know\nexactly what i am doin\TS1/lmtt/m/n/10 '\T1/lmtt/m/n/10 , but\ngo
od news, we got her to get through it\n\ni hope you look just like your momma\n
and love her like i do\nyou\TS1/lmtt/m/n/10 '\T1/lmtt/m/n/10 ll see close to pe
rfect patience\nif you watch her every move\nyou can always run to daddy\nyou\T
S1/lmtt/m/n/10 '\T1/lmtt/m/n/10 ll always be my baby, but\nlook at her, baby gi
rl\nand you will learn how to be a lady\njust how to be a lady\nmmh-mmh\n\ni ca
n make you laugh \TS1/lmtt/m/n/10 '\T1/lmtt/m/n/10 til you cry\nbut she can mak
e your tears dry, and\nwhen you get your heart broke by the wrong guy\nshe can 
make it right\n\ni hope you look just like your momma\nand love her like i do\n
you\TS1/lmtt/m/n/10 '\T1/lmtt/m/n/10 ll see close to perfect patience\nif you w
atch her every move\nyou can always run to daddy\nyou\TS1/lmtt/m/n/10 '\T1/lmtt
/m/n/10 ll always be my baby, but\nlook at her, baby girl\nand you will learn h
ow to be a lady\nmmh-mmh, just how to be a lady\noh-oh\n\nshe\TS1/lmtt/m/n/10 '
\T1/lmtt/m/n/10 ll hear you, she\TS1/lmtt/m/n/10 '\T1/lmtt/m/n/10 ll hold you, 
she\TS1/lmtt/m/n/10 '\T1/lmtt/m/n/10 ll help you through\nshe\TS1/lmtt/m/n/10 '
\T1/lmtt/m/n/10 ll fix you, and me too\n\ni hope you look just like your momma\
nand love her like i do\nyou\TS1/lmtt/m/n/10 '\T1/lmtt/m/n/10 ll see close to p
erfect patience\nif you watch her every move\nyou can always run to daddy\nyou\
TS1/lmtt/m/n/10 '\T1/lmtt/m/n/10 ll always be my baby, but\nlook at her, baby g
irl\nand you will learn how to be a lady\njust how to be a lady\n"[] 
 []


Overfull \hbox (5819.7267pt too wide) in paragraph at lines 543--543
[]\T1/lmtt/m/n/10 ##  [9] "sun settin\TS1/lmtt/m/n/10 ' \T1/lmtt/m/n/10 on good
bye\nyeah, it hard to believe\nit was not me tryin\TS1/lmtt/m/n/10 ' \T1/lmtt/m
/n/10 to leave this time\n\nit ai not always the cowboy\nthat ai not got a lot 
of hang around\nai not got no settle down in their boots\ngone just what they d
o\nthat restless, runnin\TS1/lmtt/m/n/10 '\T1/lmtt/m/n/10 , searchin\TS1/lmtt/m
/n/10 ' \T1/lmtt/m/n/10 for somethin\TS1/lmtt/m/n/10 '\T1/lmtt/m/n/10 \nleavin\
TS1/lmtt/m/n/10 ' \T1/lmtt/m/n/10 love in the dust of a midnight chevrolet\nit 
ai not always the cowboy that rides away\n\ni have never seen over from this si
de\nnever heard lonely get this quiet\nstill i can not keep from smilin\TS1/lmt
t/m/n/10 '\T1/lmtt/m/n/10 \nbecause damn that girl can fly\n\nit ai not always 
the cowboy\nthat ai not got a lot of hang around\nai not got no settle down in 
their boots\ngone just what they do\nthat restless, runnin\TS1/lmtt/m/n/10 '\T1
/lmtt/m/n/10 , searchin\TS1/lmtt/m/n/10 ' \T1/lmtt/m/n/10 for somethin\TS1/lmtt
/m/n/10 '\T1/lmtt/m/n/10 \nleavin\TS1/lmtt/m/n/10 ' \T1/lmtt/m/n/10 love in the
 dust of a midnight chevrolet\nit ai not always the cowboy that rides away\n\na
 tumbleweed heart, chasin\TS1/lmtt/m/n/10 ' \T1/lmtt/m/n/10 that wind\ngoin\TS1
/lmtt/m/n/10 ' \T1/lmtt/m/n/10 too far, wherever that is\n\nit ai not always th
e cowboy\nthat ai not got a lot of hang around\nai not got no settle down in th
eir boots\ngone just what they do\nthat restless, runnin\TS1/lmtt/m/n/10 '\T1/l
mtt/m/n/10 , searchin\TS1/lmtt/m/n/10 ' \T1/lmtt/m/n/10 for somethin\TS1/lmtt/m
/n/10 '\T1/lmtt/m/n/10 \nleavin\TS1/lmtt/m/n/10 ' \T1/lmtt/m/n/10 love in the d
ust of a midnight chevrolet\nit ai not always the cowboy that rides away\n\nrid
es away\nit ai not always the cowboy\n"[] 
 []


Overfull \hbox (12119.70839pt too wide) in paragraph at lines 543--543
[]\T1/lmtt/m/n/10 ## [10] "i call beautiful, babe\ntell them, blanc\n\nthe way 
your hair in a mess\nin the morning when you open your eyes\nthe way an hour go
es by when you say\nthat you will be ready in five\n(yeah, uh)\n\nthe little di
mple on the side of your smile\nwhen you are laughing at a movie\nthat you have
 seen about a thousand times\nyou know girl, that i can not lie\n\ni love you j
ust the way god made you\ngirl, he do not make mistakes\nwhat you call your imp
erfections\ni call beautiful, babe\nso let my eyes be your mirror\nand you are 
bound to see it too\nbecause i was made for lovin\TS1/lmtt/m/n/10 '\T1/lmtt/m/n
/10 \njust the way god made you\ngod made you\n(just the way, just the way, jus
t the way, just the way god made you)\ngod made you\n(just the way, just the wa
y, just the way, just the way god made you)\n\nyeah, the flush in your cheeks w
hen you are mad\nbut you say that you are not (yeah)\nand the shape of the face
 that you make\nwhen you are taking a shot (taking a shot)\nthe little white li
e that you told the security guard\nat the hotel pool when we got caught\nyeah,
 i was thinking girl, you never looked so hot\n(you never looked so hot)\n\nand
 that i love you just the way god made you\ngirl, he do not make mistakes\nwhat
 you call your imperfections\ni call beautiful babe\nso let my eyes be your mir
ror\nand you are bound to see it too\nbecause i was made for lovin\TS1/lmtt/m/n
/10 '\T1/lmtt/m/n/10 \njust the way god made you\ngod made you\n(just the way, 
just the way, just the way, just the way god made you)\ngod made you\n(just the
 way, just the way, just the way, just the way god made you)\n\ngirl, i ai not 
ever gon\TS1/lmtt/m/n/10 ' \T1/lmtt/m/n/10 try to change ya (come on)\nmy maste
rpiece, my mona lisa and i need ya\nto stay just the way god made you\n(just th
e way, just the way god made you)\njust the way god made you\n(just the way, ju
st the way god made you)\n\ni love you just the way god made you\ngirl, he do n
ot make mistakes\nwhat you call your imperfections\ni call beautiful babe\nso l
et my eyes be your mirror\nand you are bound to see it too\nbecause i was made 
for lovin\TS1/lmtt/m/n/10 '\T1/lmtt/m/n/10 \njust the way god made you\n\ngod m
ade you\n(just the way, just the way, just the way, just the way god made you)\
ngod made you\n(just the way, just the way, just the way, just the way god made
 you)\ngod made you\n(just the way, just the way, just the way, just the way go
d made you)\ngod made you\n(just the way, just the way, just the way, just the 
way god made you)\n"[] 
 []


Overfull \hbox (5677.97711pt too wide) in paragraph at lines 543--543
[]\T1/lmtt/m/n/10 ## [11] "i said, \"you know and i know\"\nyou are perfect for
 me\neverything i will ever need\ni ai not playing what i am sayin\TS1/lmtt/m/n
/10 '\T1/lmtt/m/n/10 \n\nwhen i got what i got i do not miss what i had\nthe ol
d me before you belongs to the past\nin the back of your mind you might think\n
there somethin\TS1/lmtt/m/n/10 ' \T1/lmtt/m/n/10 more i want\nbut when i got wh
at i got, girl, i do not\n\ni said, \"baby, do you know you sound a little craz
y\nwhen you are talkin\TS1/lmtt/m/n/10 ' \T1/lmtt/m/n/10 like that, girl?\"\nai
 not no second thoughts, no regrets, no kinda maybe\nno wishin\TS1/lmtt/m/n/10 
' \T1/lmtt/m/n/10 i turned back\nbefore you came along\ni could go on and on\ng
irl, just kiss me\nyou are all that i want\n\nwhen i got what i got i do not mi
ss what i had\nthe old me before you belongs to the past\nin the back of your m
ind you might think\nthere somethin\TS1/lmtt/m/n/10 ' \T1/lmtt/m/n/10 more i wa
nt\nbut when i got what i got, girl, i do not\n\nshe said, \"baby, do you ever 
miss being alone?\"\ni said, \"hell no, i do not\"\n\nwhen i got what i got i d
o not miss what i had\nthe old me before you belongs to the past\nin the back o
f your mind you might think\nthere somethin\TS1/lmtt/m/n/10 ' \T1/lmtt/m/n/10 m
ore i want\nbut when i got what i got, girl, i do not\nno, i do not\nno, i do n
ot\nwhen i got what i got, girl, i do not\n"[] 
 []


Overfull \hbox (9379.21635pt too wide) in paragraph at lines 543--543
[]\T1/lmtt/m/n/10 ## [12] "drop a deer from a stand, catch a fish with a bobber
\ndrink a beer out the can, liquor out the bottle\nhow the good lord intended i
t, yes he did\n\ni love my country\ni love my country\nsix strings and fiddles\
nwhiskey from kentucky\n\nwe keep it funky\nwe like how it sounds\nmonday to su
nday\nyeah, i love my country\n\ni am loud and proud\nrolling into town\nhangin
g out the window\nlike a blue tick hound\n\nai not sorry, ai not nothing to be 
sorry about\ni love my country and i love my country\nup loud\n\n(woo-ooh-ooh)\
n\nbarbecue, steak fries\nstyrofoam plate date night\ngeorge strait singing gre
ats while\nwe turning up, sitting lake-side\n\nthat pedal steel, she straight s
liding\nover here, to me she do that\nalabama shake, like you ai not ever seen\
n\ni love my country\ni love my country\nsix strings and fiddles\nwhiskey from 
kentucky\n\nwe keep it funky\nwe like how it sounds\nmonday to sunday\nyeah, i 
love my country\n\ni am loud and proud\nrolling into town\nhanging out the wind
ow\nlike a blue tick hound\n\nai not sorry, ai not nothing to be sorry about\ni
 love my country, and i love my country\nup loud\n\n(woo-ooh-ooh)\n\ni love my 
country up loud\ni am talking way up loud\n\ni like pop, and rock, and rap, i l
ike skynyrd\nand going out downtown when i am with her\nlike driving too fast d
own a 4-lane road\nbut damn sure nowhere close to the way that\n\ni love my cou
ntry\ni love my country\nsix strings and fiddles\nwhiskey from kentucky\n\nwe k
eep it funky\nwe like how it sounds\nmonday to sunday\nyeah, i love my country\
n\ni am loud and proud\nrolling into town\nhanging out the window\nlike a blue 
tick hound\n\nai not sorry, ai not nothing to be sorry about\ni love my country
, and i love my country\nup loud\n\nyeah, baby\n(woo-ooh-ooh)\n\ni love my coun
try up loud\nyeah, way up loud\n\nthat a country-ass lick right there, boy\n"[]
 
 []


Overfull \hbox (8239.96967pt too wide) in paragraph at lines 543--543
[]\T1/lmtt/m/n/10 ## [13] "because we ai not gonna get to one day\nthat why we 
drink\n\nbecause the sun up\nbecause it sundown\nbecause my wound up needs a li
ttle unwound\nbecause we have been workin\TS1/lmtt/m/n/10 ' \T1/lmtt/m/n/10 all
 day but we are done now\nyeah, that why we drink\n\nbecause they are ice cold\
nbecause it hot out\nbecause we are jon boat sittin\TS1/lmtt/m/n/10 ' \T1/lmtt/
m/n/10 with the line out\nbecause we are a little messed up\nbut it cheaper tha
n a dang old shrink\nbecause we are grown up\nbecause we are still kids\nbecaus
e we love doin\TS1/lmtt/m/n/10 ' \T1/lmtt/m/n/10 things be cause our daddies di
d\nbecause it alcohol abuse, if you pour one down the sink\nyeah, that why we d
rink\n\nbecause our team lost\nbecause our team won\nbecause sweet home alabama
 just came on\nbecause we are lookin\TS1/lmtt/m/n/10 ' \T1/lmtt/m/n/10 for a re
ason to raise one\nyeah, that why we drink\n\nbecause they are ice cold\nbecaus
e it hot out\nbecause we are jon boat sittin\TS1/lmtt/m/n/10 ' \T1/lmtt/m/n/10 
with the line out\nbecause we are a little messed up\nbut it cheaper than a dan
g old shrink\nbecause we are grown up\nbecause we are still kids\nbecause we lo
ve doin\TS1/lmtt/m/n/10 ' \T1/lmtt/m/n/10 things be cause our daddies did\nbeca
use it alcohol abuse, if you pour one down the sink\nyeah, that why we drink\n\
nto good friends, good times, you and me\nto the red, white, and blue boys and 
girls overseas\n\nbecause they are ice cold\nbecause it hot out\nbecause we are
 jon boat sittin\TS1/lmtt/m/n/10 ' \T1/lmtt/m/n/10 with the line out\nbecause w
e are a little messed up\nbut it cheaper than a dang old shrink\nthat why we dr
ink\n\nbecause we are grown up\nbecause we are still kids\nbecause we love doin
\TS1/lmtt/m/n/10 ' \T1/lmtt/m/n/10 things be cause our daddies did\nbecause it 
alcohol abuse, if you pour one down the sink\nyeah, that why we drink\n\nyea-ee
-eah\nthat why we drink\nthat why we drink\n"[] 
 []


Overfull \hbox (6423.47495pt too wide) in paragraph at lines 543--543
[]\T1/lmtt/m/n/10 ## [14] "but then you get that money, you still feel broke\n\
nonce i get a little older, i will not worry\nthen you get older and it do not 
feel like it should\ni am thinking once i learn to grow right where i am plante
d\nmaybe that when life starts getting good\n\nonce i get a car that do not sta
ll in the morning\ni can make it anywhere i want, just wait\nbut i can see it r
ight now sitting in my driveway\nafraid if i take it out, i will chip the paint
\n\nonce i get a house that i can hang my hat on\ni bet i will want to build a 
bigger one if i could, yeah\ni am thinking, once i learn to grow right where i 
am planted\nmaybe that when life starts getting good\n\noh, getting good\ngetti
ng good\nlife starts getting good\ni am thinking maybe that when life starts ge
tting good\n\n(that when life starts getting good, oh)\n\ni am afraid of both m
y parents dying\ni call my dad, he answers right away\nand i did not hear a wor
d be cause i was thinking\nabout what has not happened yet but will someday\n\n
and we hang up the phone before i know it\ni am crying over the conversation my
 fear took\ni am thinking once i learn to soak up every moment\ni will realise 
my life already good\n\nalready good\nalready good\nlife already good\ni will r
ealise my life already good\nthank god that my life already good\n"[] 
 []


Overfull \hbox (10597.21281pt too wide) in paragraph at lines 543--543
[]\T1/lmtt/m/n/10 ## [15] "oh baby i, i hope you hear a song\nthat makes you si
ng along and gets you thinking about\nher then the last several miles turns int
o a blur, yeah\n\ni hope you both feel the sparks by the end of the drive\ni ho
pe you know she the one by the end of the night\ni hope you never ever felt mor
e\nfree, tell your friends that you are so happy\ni hope she comes along and wr
ecks every one of your plans\ni hope you spend your last dime to put a rock on 
her hand\ni hope she wilder than your wildest\ndreams, she everything you are e
ver gonna need\n\nand then i hope she cheats\nlike you did on me\nand then i ho
pe she cheats\nlike you did on me\n\nyeah babe, i hope she shows up in a two am
 pic from a friend\nhanging on to a guy and you just hate him\ni hope you stay 
up all night all alone waiting by the phone\nand then she calls\nand baby i, i 
hope you work it out\nforgive and just about forget and take her on a first dat
e again\nand when you lean in for a kiss\n\ni hope you both feel the sparks by 
the end of the drive\ni hope you know she the one by the end of the night\ni ho
pe you never ever felt more\nfree, tell your friends that you are so happy\ni h
ope she comes along and wrecks every one of your plans\ni hope you spend your l
ast dime to put a rock on her hand\ni hope she wilder than your wildest\ndreams
, she everything you are ever gonna need\n\nand then i hope she cheats\nlike yo
u did on me\nand then i hope she cheats\nlike you did on me\n\ni hope it goes, 
comes all the way around\ni hope she makes you feel the same way\nabout her tha
t i feel about you right now\n\ni hope you both feel the sparks by the end of t
he drive\ni hope you know she the one by the end of the night\ni hope you never
 ever felt more\nfree, tell your friends that you are so happy\ni hope she come
s along and wrecks every one of your plans\ni hope you spend your last dime to 
put a rock on her hand\ni hope she wilder than your wildest\ndreams, she everyt
hing you are ever gonna need\n\nand then i hope she cheats\nlike you did on me\
nand then i hope she cheats\nlike you did on me\n\nlike you did on me\n"[] 
 []


Overfull \hbox (9604.9657pt too wide) in paragraph at lines 543--543
[]\T1/lmtt/m/n/10 ## [16] "way out here\nwhere we are from\nwe do not say, \"oo
h-la-la, p„\TS1/lmtt/m/n/10 ©\T1/lmtt/m/n/10 rignon\"\ndo not need no bottle se
rvice budget (no)\ngot no money but we love it (woo)\n\nraisin\TS1/lmtt/m/n/10 
' \T1/lmtt/m/n/10 plastic cups to a life of luxury\nc\TS1/lmtt/m/n/10 '\T1/lmtt
/m/n/10 est la vie on a friday\nwe get dressed up in a blue jean tux\nand we go
 where we do not hear the highway\n\ndo not need doubles and bubbles\nto get in
 all kinds of trouble\nout in the country\ndo not need a crystal chandelier\nto
 have a real good time\nwe are drinkin\TS1/lmtt/m/n/10 ' \T1/lmtt/m/n/10 beer o
n a champagne night\na champagne night\n\nno velvet ropes in our hometown bar\n
our vips are drinkin\TS1/lmtt/m/n/10 ' \T1/lmtt/m/n/10 pbr\nno, we do not need 
no high-rise skyline\nview from a window\nbecause way out here (way out here)\n
where we are from (where we are from)\nwe do not have to be fancy\nto have a wh
ole lotta fun\n\nraisin\TS1/lmtt/m/n/10 ' \T1/lmtt/m/n/10 plastic cups to a lif
e of luxury\nc\TS1/lmtt/m/n/10 '\T1/lmtt/m/n/10 est la vie on a friday\nwe get 
dressed up in a blue jean tux\nand we go where we do not hear the highway\n\ndo
 not need doubles and bubbles\nto get in all kinds of trouble\nout in the count
ry\ndo not need a crystal chandelier\nto have a real good time\nwe are drinkin\
TS1/lmtt/m/n/10 ' \T1/lmtt/m/n/10 beer on a champagne night\nchampagne night\n\
nyou\TS1/lmtt/m/n/10 '\T1/lmtt/m/n/10 ll never see us sippin\TS1/lmtt/m/n/10 ' 
\T1/lmtt/m/n/10 long-stem glasses\neven if we are in a hollywood palace\nwe ai 
not on our own island\nno, we ai not drippin\TS1/lmtt/m/n/10 ' \T1/lmtt/m/n/10 
in diamonds\nwe are getting rhinestoned\n\nraisin\TS1/lmtt/m/n/10 ' \T1/lmtt/m/
n/10 plastic cups to a life of luxury\nc\TS1/lmtt/m/n/10 '\T1/lmtt/m/n/10 est l
a vie on a friday\nwe get dressed up in a blue jean tux\nand we go where we do 
not hear the highway\n\ndo not need doubles and bubbles\nto get in all kinds of
 trouble\nout in the country\ndo not need a crystal chandelier\nto have a real 
good time\nwe are drinkin\TS1/lmtt/m/n/10 ' \T1/lmtt/m/n/10 beer on a champagne
 night\n\n(we are drinkin\TS1/lmtt/m/n/10 ' \T1/lmtt/m/n/10 beer on a champagne
 night\nwe are drinkin\TS1/lmtt/m/n/10 ' \T1/lmtt/m/n/10 beer on a champagne ni
ght)\ndrinkin\TS1/lmtt/m/n/10 ' \T1/lmtt/m/n/10 beer on a champagne night\n(we 
are drinkin\TS1/lmtt/m/n/10 ' \T1/lmtt/m/n/10 beer on a champagne night\nwe are
 drinkin\TS1/lmtt/m/n/10 ' \T1/lmtt/m/n/10 beer on a champagne night)\nwe are d
rinkin\TS1/lmtt/m/n/10 ' \T1/lmtt/m/n/10 beer on a champagne night\n"[] 
 []


Overfull \hbox (8444.71907pt too wide) in paragraph at lines 543--543
[]\T1/lmtt/m/n/10 ## [17] "on saturday night\nthen i say, \"how you been?\"\n\"
good how \TS1/lmtt/m/n/10 '\T1/lmtt/m/n/10 bout you?\"\nfunny how i see you onc
e after a few months\nget you locked out right back to\n\ntell the folks you kn
ow i know all about\nsome new guy takin\TS1/lmtt/m/n/10 ' \T1/lmtt/m/n/10 you o
ut\nthen you unfollow me then follow me\nback just so i know you are still arou
nd\n\nsome girls get their mamma on the phone\ntake a trip back home pretend th
ey never knew the guy\nsome girls drink a bottle of wine\ngot an old ex to text
 to get them through the goodbye\nsometimes it clean break, stay gone\nclean sl
ate moving on to something new\nsometimes, some girls make it easy on you\nsome
 girls never do\n\nsome hearts stay broke\nsome hearts do not skip a beat\nsome
 people say goodbye then try to make it alright\njust like you doin\TS1/lmtt/m/
n/10 ' \T1/lmtt/m/n/10 to me\nbut tonight i am lettin\TS1/lmtt/m/n/10 ' \T1/lmt
t/m/n/10 it ring\n\nsome girls get their mamma on the phone\ntake a trip back h
ome pretend they never knew the guy\nsome girls drink a bottle of wine\ngot an 
old ex to text to get them through the goodbye\nsometimes it clean break, stay 
gone\nclean slate moving on to something new\nsome times, some girls make it ea
sy on you\nsome girls never do\nno some girls never do\n\nyeah, some girls know
 when they have got something\nworth holding onto\nbut some girls never do\n\ns
ome girls get their mamma on the phone\ntake a trip back home pretend they neve
r knew the guy\nsome girls drink a bottle of wine\ngot an old ex to text to get
 them through the goodbye\nsometimes it clean break, stay gone\nclean slate mov
ing on to something new\nsometimes, some girls make it easy on you\nand some gi
rls never do\n\nyeah some girls never do\nsometimes some girls make it easy on 
you\nbut some girls never do\n"[] 
 []


Overfull \hbox (9599.71571pt too wide) in paragraph at lines 543--543
[]\T1/lmtt/m/n/10 ## [18] "and i do not know where it all went wrong\ni know i 
coulda kissed you harder\nand yeah, you coulda followed through\nshoulda talked
 a little bit softer\nbut we meant every \"i love you\"\n\ni do not know what t
his is or what it is not\nbut it feels like we have got unfinished business\n\n
because we left blood the on the tracks\nsweat on the saddle\nfire in the hills
\na bullet in the barrel\nwords never said in a story that did not end\nlooks l
ike you are on the mend and i am on the bottle\nwe folded our hands with money 
on the table\ntried moving on, but i keep coming back again\nto what could have
 been\nwhat could have been\noh, what could have been\nyeah, yeah, yeah, yeah\n
\na couple more simple, \"i am sorry\"\na little less tryna be right\ni wonder 
how many good mornings we wasted\nbecause we did not say goodnight\none touch b
efore we fell asleep\njust before our love was out of reach\ncoulda been enough
, coulda saved us from this loneliness\n\nbecause we left blood the on the trac
ks\nsweat on the saddle\nfire in the hills\na bullet in the barrel\nwords never
 said in a story that did not end\nlooks like you are on the mend and i am on t
he bottle\nwe folded our hands with money on the table\ntried moving on, but i 
keep coming back again\nto what could have been\nwhat could have been\noh, what
 could have been\noh\n\ni thought i would see it clearly from a distance\nbut i
t still feels like we have got unfinished business\n\nbecause baby, we left blo
od the on the tracks\nsweat on the saddle\nfire in the hills\na bullet in the b
arrel\nwords never said in a story that did not end\nlooks like you are on the 
mend and i am on the bottle\nwe folded our hands with money on the table\ntried
 moving on, but i keep coming back again\noh, what could have been\noh, what co
uld have been\nmmm, what could have been\nshoulda been\n\ndo you still wonder?\
nstill, wonder\nwhat could have been?\n"[] 
 []


Overfull \hbox (7006.22325pt too wide) in paragraph at lines 543--543
[]\T1/lmtt/m/n/10 ## [19] "she says no one i would know\n\nmaybe i am crazy, ma
ybe i am not\nmaybe she guilty, maybe she caught\n\nshe bringing back cheatin\T
S1/lmtt/m/n/10 ' \T1/lmtt/m/n/10 songs\nthe kinda hurt that gets you singing al
ong\nsomething circa-1973\nshe lying with him and she lying to me\nshe bringing
 back diamond rings\n\TS1/lmtt/m/n/10 '\T1/lmtt/m/n/10 cept in the pocket of he
r tight fittin\TS1/lmtt/m/n/10 ' \T1/lmtt/m/n/10 jeans\nit back in fashion doin
g somebody wrong\nshe bringing back cheatin\TS1/lmtt/m/n/10 ' \T1/lmtt/m/n/10 s
ongs\n\nshe used to call me on her way back home\nbut she do not call anymore\n
and when she putting on that little black dress\nwho she wearing it for?\n\nmay
be i am jealous, would not you be?\nif you saw the way she ai not lookin\TS1/lm
tt/m/n/10 ' \T1/lmtt/m/n/10 at me\n\nshe bringing back cheatin\TS1/lmtt/m/n/10 
' \T1/lmtt/m/n/10 songs\nthe kinda hurt that gets you singing along\nsomething 
circa-1973\nshe lying with him and she lying to me\nshe bringing back diamond r
ings\n\TS1/lmtt/m/n/10 '\T1/lmtt/m/n/10 cept in the pocket of her tight fittin\
TS1/lmtt/m/n/10 ' \T1/lmtt/m/n/10 jeans\nit back in fashion doing somebody wron
g\nshe bringing back cheatin\TS1/lmtt/m/n/10 ' \T1/lmtt/m/n/10 songs\n\nsteal g
uitars are back in style\nlike tears fallin\TS1/lmtt/m/n/10 ' \T1/lmtt/m/n/10 o
ver her smile\nyeah, it been a while since country music loved a fool\nrunning 
around was cool\n\nshe bringing back cheatin\TS1/lmtt/m/n/10 ' \T1/lmtt/m/n/10 
songs\nthe kinda hurt that gets you singing along\nsomething circa-1973\nshe ly
ing with him and she lying to me\nshe bringing back diamond rings\n\TS1/lmtt/m/
n/10 '\T1/lmtt/m/n/10 cept in the pocket of her tight fittin\TS1/lmtt/m/n/10 ' 
\T1/lmtt/m/n/10 jeans\nit back in fashion doing somebody wrong\nshe bringing ba
ck cheatin\TS1/lmtt/m/n/10 ' \T1/lmtt/m/n/10 songs\nshe bringing back cheatin\T
S1/lmtt/m/n/10 ' \T1/lmtt/m/n/10 songs\n"[] 
 []


Overfull \hbox (9216.46683pt too wide) in paragraph at lines 543--543
[]\T1/lmtt/m/n/10 ## [20] "what it gonna be waitin\TS1/lmtt/m/n/10 ' \T1/lmtt/m
/n/10 on that test?\nnever thought that they would be\nputting those life plans
 on the shelf\na couple american babies raisin\TS1/lmtt/m/n/10 ' \T1/lmtt/m/n/1
0 one up their self\n\none beer turns into a lit cigarette burnin\TS1/lmtt/m/n/
10 ' \T1/lmtt/m/n/10 into a two beer buzz\nthree beers turns into five and six\
nthen a love drunk kiss in the back of that truck\njust like that everything re
arranges\nlife changes out of the blue\nit just a bud light, but ai not it funn
y what one beer can turn into?\n\nsesame street on the tv\na race car rollin\TS
1/lmtt/m/n/10 ' \T1/lmtt/m/n/10 on a cardboard bridge\ncrayon stick figure fami
ly\nstuck right there front center on the fridge\nflash back to two pink lines\
na whole bunch of prayin\TS1/lmtt/m/n/10 ' \T1/lmtt/m/n/10 and doubtin\TS1/lmtt
/m/n/10 '\T1/lmtt/m/n/10 \nfelt like the end of the world\nnow the world do not
 spin without them\nhey, hey\n\none beer turns into a lit cigarette burnin\TS1/
lmtt/m/n/10 ' \T1/lmtt/m/n/10 into a two beer buzz\nthree beers turns into five
 and six\nthen a love drunk kiss into the back of that truck\njust like that ev
erything rearranges\nlife changes out of the blue\nit just a bud light but ai n
ot it funny what one beer can turn into?\n\na boy and a girl and a three on the
 tree\nk-i-s-s-i-n-g\nfirst comes lust then a shotgun marriage\nsix months late
r comes a baby in a carriage\nyou know what y\TS1/lmtt/m/n/10 '\T1/lmtt/m/n/10 
all, you know what y\TS1/lmtt/m/n/10 '\T1/lmtt/m/n/10 all\nthe whole thing star
ted with some alcohol\n\nthe whole thing started with some alcohol\n\none beer 
turns into a lit cigarette burnin\TS1/lmtt/m/n/10 ' \T1/lmtt/m/n/10 into a two 
beer buzz\nthree beers turns into five and six\nthen a love drunk kiss into the
 back of that truck\njust like that everything rearranges\nlife changes out of 
the blue\nit just a bud light, but ai not it funny what one beer can turn into?
\n\na boy and a girl and a three on the tree\nk-i-s-s-i-n-g\nfirst comes lust t
hen a shotgun marriage\nsix months later comes a baby in a carriage\nthat not a
ll, that not all\nhere we go again drinkin\TS1/lmtt/m/n/10 ' \T1/lmtt/m/n/10 al
cohol, yeah\n"[] 
 []


! Package inputenc Error: Unicode character ‚ÄÖ (U+2005)
(inputenc)                not set up for use with LaTeX.

See the inputenc package documentation for explanation.
Type  H <return>  for immediate help.
 ...                                              
                                                  
l.543 \end{verbatim}
                     
Here is how much of TeX's memory you used:
 12722 strings out of 480994
 188161 string characters out of 5912128
 616762 words of memory out of 5000000
 27969 multiletter control sequences out of 15000+600000
 559870 words of font info for 72 fonts, out of 8000000 for 9000
 1141 hyphenation exceptions out of 8191
 34i,5n,42p,2905b,465s stack positions out of 5000i,500n,10000p,200000b,80000s

!  ==> Fatal error occurred, no output PDF file produced!
